Virtual User Script started at: 10/24/2017 2:14:23 PM	[MsgId: MMSG-15967]
Virtual User Script started at: 10/24/2017 2:14:23 PM	[MsgId: MMSG-15967]
Starting action vuser_init.	[MsgId: MMSG-15919]
Virtual User Script started at: 10/24/2017 2:14:23 PM	[MsgId: MMSG-15967]
Starting action vuser_init.	[MsgId: MMSG-15919]
Ending action vuser_init.	[MsgId: MMSG-15918]
Running Vuser...	[MsgId: MMSG-15964]
Ending action vuser_init.	[MsgId: MMSG-15918]
Running Vuser...	[MsgId: MMSG-15964]
Starting action vuser_init.	[MsgId: MMSG-15919]
Ending action vuser_init.	[MsgId: MMSG-15918]
Running Vuser...	[MsgId: MMSG-15964]
Starting iteration 1.	[MsgId: MMSG-15968]
Starting action Action.	[MsgId: MMSG-15919]
Action.c(6): web_add_auto_header("Accept-Encoding") started  	[MsgId: MMSG-26355]
Action.c(6): web_add_auto_header("Accept-Encoding") was successful  	[MsgId: MMSG-26392]
Action.c(8): web_add_header("Content-Type") started  	[MsgId: MMSG-26355]
Action.c(8): Warning -26594: The header being added may cause unpredictable results if applied to ALL the URLs generated on behalf of the next script function. It will apply to the primary URL only.  	[MsgId: MWAR-26594]
Action.c(8): web_add_header("Content-Type") highest severity level was "warning"  	[MsgId: MMSG-26391]
Action.c(10): web_add_header("SOAPAction") started  	[MsgId: MMSG-26355]
Action.c(10): web_add_header("SOAPAction") was successful  	[MsgId: MMSG-26392]
Action.c(11): Notify: Transaction "CreateClaim" started.	[MsgId: MMSG-16999]
Action.c(13): SOAP request "enterClaim" started	[MsgId: MMSG-108972]
Starting iteration 1.	[MsgId: MMSG-15968]
Starting action Action.	[MsgId: MMSG-15919]
Action.c(6): web_add_auto_header("Accept-Encoding") started  	[MsgId: MMSG-26355]
Action.c(6): web_add_auto_header("Accept-Encoding") was successful  	[MsgId: MMSG-26392]
Action.c(8): web_add_header("Content-Type") started  	[MsgId: MMSG-26355]
Action.c(8): Warning -26594: The header being added may cause unpredictable results if applied to ALL the URLs generated on behalf of the next script function. It will apply to the primary URL only.  	[MsgId: MWAR-26594]
Action.c(8): web_add_header("Content-Type") highest severity level was "warning"  	[MsgId: MMSG-26391]
Action.c(10): web_add_header("SOAPAction") started  	[MsgId: MMSG-26355]
Action.c(10): web_add_header("SOAPAction") was successful  	[MsgId: MMSG-26392]
Action.c(11): Notify: Transaction "CreateClaim" started.	[MsgId: MMSG-16999]
Action.c(13): SOAP request "enterClaim" started	[MsgId: MMSG-108972]
Starting iteration 1.	[MsgId: MMSG-15968]
Starting action Action.	[MsgId: MMSG-15919]
Action.c(6): web_add_auto_header("Accept-Encoding") started  	[MsgId: MMSG-26355]
Action.c(6): web_add_auto_header("Accept-Encoding") was successful  	[MsgId: MMSG-26392]
Action.c(8): web_add_header("Content-Type") started  	[MsgId: MMSG-26355]
Action.c(8): Warning -26594: The header being added may cause unpredictable results if applied to ALL the URLs generated on behalf of the next script function. It will apply to the primary URL only.  	[MsgId: MWAR-26594]
Action.c(8): web_add_header("Content-Type") highest severity level was "warning"  	[MsgId: MMSG-26391]
Action.c(10): web_add_header("SOAPAction") started  	[MsgId: MMSG-26355]
Action.c(10): web_add_header("SOAPAction") was successful  	[MsgId: MMSG-26392]
Action.c(11): Notify: Transaction "CreateClaim" started.	[MsgId: MMSG-16999]
Action.c(13): SOAP request "enterClaim" started	[MsgId: MMSG-108972]
Action.c(13): Error: Failed to connect to server "dockerclient:8102": [10061] Connection refused	[MsgId: MERR-108977]
Action.c(13): Error: SOAP request "enterClaim" execution failed	[MsgId: MERR-108964]
Action.c(13): Notify: Transaction "CreateClaim" ended with a "Fail" status (Duration: 1.0042 Wasted Time: 0.0003).	[MsgId: MMSG-16871]
Action.c(13): Notify: Transaction "CreateClaim" has 1 error message(s).	[MsgId: MMSG-16818]
Action.c(13): Notify: The 1st error message associated with transaction "CreateClaim" is "Error -27792: Failed to connect to server "dockerclient:8102": [10061] Connection refused"	[MsgId: MMSG-16819]
Ending action Action.	[MsgId: MMSG-15918]
Ending iteration 1.	[MsgId: MMSG-15965]
Starting iteration 2.	[MsgId: MMSG-15968]
Starting action Action.	[MsgId: MMSG-15919]
Action.c(6): web_add_auto_header("Accept-Encoding") started  	[MsgId: MMSG-26355]
Action.c(6): web_add_auto_header("Accept-Encoding") was successful  	[MsgId: MMSG-26392]
Action.c(8): web_add_header("Content-Type") started  	[MsgId: MMSG-26355]
Action.c(8): Warning -26594: The header being added may cause unpredictable results if applied to ALL the URLs generated on behalf of the next script function. It will apply to the primary URL only.  	[MsgId: MWAR-26594]
Action.c(8): web_add_header("Content-Type") highest severity level was "warning"  	[MsgId: MMSG-26391]
Action.c(10): web_add_header("SOAPAction") started  	[MsgId: MMSG-26355]
Action.c(10): web_add_header("SOAPAction") was successful  	[MsgId: MMSG-26392]
Action.c(11): Notify: Transaction "CreateClaim" started.	[MsgId: MMSG-16999]
Action.c(13): SOAP request "enterClaim" started	[MsgId: MMSG-108972]
Action.c(13): Error: Failed to connect to server "dockerclient:8102": [10061] Connection refused	[MsgId: MERR-108977]
Action.c(13): Error: Failed to connect to server "dockerclient:8102": [10061] Connection refused	[MsgId: MERR-108977]
Action.c(13): Error: SOAP request "enterClaim" execution failed	[MsgId: MERR-108964]
Action.c(13): Error: SOAP request "enterClaim" execution failed	[MsgId: MERR-108964]
Action.c(13): Notify: Transaction "CreateClaim" ended with a "Fail" status (Duration: 1.0055 Wasted Time: 0.0002).	[MsgId: MMSG-16871]
Action.c(13): Notify: Transaction "CreateClaim" ended with a "Fail" status (Duration: 1.0065 Wasted Time: 0.0002).	[MsgId: MMSG-16871]
Action.c(13): Notify: Transaction "CreateClaim" has 1 error message(s).	[MsgId: MMSG-16818]
Action.c(13): Notify: Transaction "CreateClaim" has 1 error message(s).	[MsgId: MMSG-16818]
Action.c(13): Notify: The 1st error message associated with transaction "CreateClaim" is "Error -27792: Failed to connect to server "dockerclient:8102": [10061] Connection refused"	[MsgId: MMSG-16819]
Action.c(13): Notify: The 1st error message associated with transaction "CreateClaim" is "Error -27792: Failed to connect to server "dockerclient:8102": [10061] Connection refused"	[MsgId: MMSG-16819]
Ending action Action.	[MsgId: MMSG-15918]
Ending action Action.	[MsgId: MMSG-15918]
Ending iteration 1.	[MsgId: MMSG-15965]
Starting iteration 2.	[MsgId: MMSG-15968]
Ending iteration 1.	[MsgId: MMSG-15965]
Starting iteration 2.	[MsgId: MMSG-15968]
Starting action Action.	[MsgId: MMSG-15919]
Starting action Action.	[MsgId: MMSG-15919]
Action.c(6): web_add_auto_header("Accept-Encoding") started  	[MsgId: MMSG-26355]
Action.c(6): web_add_auto_header("Accept-Encoding") was successful  	[MsgId: MMSG-26392]
Action.c(6): web_add_auto_header("Accept-Encoding") started  	[MsgId: MMSG-26355]
Action.c(8): web_add_header("Content-Type") started  	[MsgId: MMSG-26355]
Action.c(6): web_add_auto_header("Accept-Encoding") was successful  	[MsgId: MMSG-26392]
Action.c(8): Warning -26594: The header being added may cause unpredictable results if applied to ALL the URLs generated on behalf of the next script function. It will apply to the primary URL only.  	[MsgId: MWAR-26594]
Action.c(8): web_add_header("Content-Type") started  	[MsgId: MMSG-26355]
Action.c(8): web_add_header("Content-Type") highest severity level was "warning"  	[MsgId: MMSG-26391]
Action.c(8): Warning -26594: The header being added may cause unpredictable results if applied to ALL the URLs generated on behalf of the next script function. It will apply to the primary URL only.  	[MsgId: MWAR-26594]
Action.c(10): web_add_header("SOAPAction") started  	[MsgId: MMSG-26355]
Action.c(8): web_add_header("Content-Type") highest severity level was "warning"  	[MsgId: MMSG-26391]
Action.c(10): web_add_header("SOAPAction") was successful  	[MsgId: MMSG-26392]
Action.c(10): web_add_header("SOAPAction") started  	[MsgId: MMSG-26355]
Action.c(10): web_add_header("SOAPAction") was successful  	[MsgId: MMSG-26392]
Action.c(11): Notify: Transaction "CreateClaim" started.	[MsgId: MMSG-16999]
Action.c(13): SOAP request "enterClaim" started	[MsgId: MMSG-108972]
Action.c(11): Notify: Transaction "CreateClaim" started.	[MsgId: MMSG-16999]
Action.c(13): SOAP request "enterClaim" started	[MsgId: MMSG-108972]
Action.c(13): Error: Failed to connect to server "dockerclient:8102": [10061] Connection refused	[MsgId: MERR-108977]
Action.c(13): Error: SOAP request "enterClaim" execution failed	[MsgId: MERR-108964]
Action.c(13): Notify: Transaction "CreateClaim" ended with a "Fail" status (Duration: 0.9992 Wasted Time: 0.0002).	[MsgId: MMSG-16871]
Action.c(13): Notify: Transaction "CreateClaim" has 1 error message(s).	[MsgId: MMSG-16818]
Action.c(13): Notify: The 1st error message associated with transaction "CreateClaim" is "Error -27792: Failed to connect to server "dockerclient:8102": [10061] Connection refused"	[MsgId: MMSG-16819]
Ending action Action.	[MsgId: MMSG-15918]
Ending iteration 2.	[MsgId: MMSG-15965]
Starting iteration 3.	[MsgId: MMSG-15968]
Starting action Action.	[MsgId: MMSG-15919]
Action.c(6): web_add_auto_header("Accept-Encoding") started  	[MsgId: MMSG-26355]
Action.c(6): web_add_auto_header("Accept-Encoding") was successful  	[MsgId: MMSG-26392]
Action.c(8): web_add_header("Content-Type") started  	[MsgId: MMSG-26355]
Action.c(8): Warning -26594: The header being added may cause unpredictable results if applied to ALL the URLs generated on behalf of the next script function. It will apply to the primary URL only.  	[MsgId: MWAR-26594]
Action.c(8): web_add_header("Content-Type") highest severity level was "warning"  	[MsgId: MMSG-26391]
Action.c(10): web_add_header("SOAPAction") started  	[MsgId: MMSG-26355]
Action.c(10): web_add_header("SOAPAction") was successful  	[MsgId: MMSG-26392]
Action.c(11): Notify: Transaction "CreateClaim" started.	[MsgId: MMSG-16999]
Action.c(13): SOAP request "enterClaim" started	[MsgId: MMSG-108972]
Action.c(13): Error: Failed to connect to server "dockerclient:8102": [10061] Connection refused	[MsgId: MERR-108977]
Action.c(13): Error: SOAP request "enterClaim" execution failed	[MsgId: MERR-108964]
Action.c(13): Notify: Transaction "CreateClaim" ended with a "Fail" status (Duration: 1.0036 Wasted Time: 0.0003).	[MsgId: MMSG-16871]
Action.c(13): Notify: Transaction "CreateClaim" has 1 error message(s).	[MsgId: MMSG-16818]
Action.c(13): Notify: The 1st error message associated with transaction "CreateClaim" is "Error -27792: Failed to connect to server "dockerclient:8102": [10061] Connection refused"	[MsgId: MMSG-16819]
Ending action Action.	[MsgId: MMSG-15918]
Ending iteration 2.	[MsgId: MMSG-15965]
Starting iteration 3.	[MsgId: MMSG-15968]
Starting action Action.	[MsgId: MMSG-15919]
Action.c(13): Error: Failed to connect to server "dockerclient:8102": [10061] Connection refused	[MsgId: MERR-108977]
Action.c(6): web_add_auto_header("Accept-Encoding") started  	[MsgId: MMSG-26355]
Action.c(13): Error: SOAP request "enterClaim" execution failed	[MsgId: MERR-108964]
Action.c(6): web_add_auto_header("Accept-Encoding") was successful  	[MsgId: MMSG-26392]
Action.c(13): Notify: Transaction "CreateClaim" ended with a "Fail" status (Duration: 1.0033 Wasted Time: 0.0001).	[MsgId: MMSG-16871]
Action.c(8): web_add_header("Content-Type") started  	[MsgId: MMSG-26355]
Action.c(13): Notify: Transaction "CreateClaim" has 1 error message(s).	[MsgId: MMSG-16818]
Action.c(13): Notify: The 1st error message associated with transaction "CreateClaim" is "Error -27792: Failed to connect to server "dockerclient:8102": [10061] Connection refused"	[MsgId: MMSG-16819]
Action.c(8): Warning -26594: The header being added may cause unpredictable results if applied to ALL the URLs generated on behalf of the next script function. It will apply to the primary URL only.  	[MsgId: MWAR-26594]
Ending action Action.	[MsgId: MMSG-15918]
Action.c(8): web_add_header("Content-Type") highest severity level was "warning"  	[MsgId: MMSG-26391]
Ending iteration 2.	[MsgId: MMSG-15965]
Starting iteration 3.	[MsgId: MMSG-15968]
Action.c(10): web_add_header("SOAPAction") started  	[MsgId: MMSG-26355]
Action.c(10): web_add_header("SOAPAction") was successful  	[MsgId: MMSG-26392]
Action.c(11): Notify: Transaction "CreateClaim" started.	[MsgId: MMSG-16999]
Starting action Action.	[MsgId: MMSG-15919]
Action.c(6): web_add_auto_header("Accept-Encoding") started  	[MsgId: MMSG-26355]
Action.c(6): web_add_auto_header("Accept-Encoding") was successful  	[MsgId: MMSG-26392]
Action.c(8): web_add_header("Content-Type") started  	[MsgId: MMSG-26355]
Action.c(8): Warning -26594: The header being added may cause unpredictable results if applied to ALL the URLs generated on behalf of the next script function. It will apply to the primary URL only.  	[MsgId: MWAR-26594]
Action.c(13): SOAP request "enterClaim" started	[MsgId: MMSG-108972]
Action.c(8): web_add_header("Content-Type") highest severity level was "warning"  	[MsgId: MMSG-26391]
Action.c(10): web_add_header("SOAPAction") started  	[MsgId: MMSG-26355]
Action.c(10): web_add_header("SOAPAction") was successful  	[MsgId: MMSG-26392]
Action.c(11): Notify: Transaction "CreateClaim" started.	[MsgId: MMSG-16999]
Action.c(13): SOAP request "enterClaim" started	[MsgId: MMSG-108972]
Action.c(13): Error: Failed to connect to server "dockerclient:8102": [10061] Connection refused	[MsgId: MERR-108977]
Action.c(13): Error: SOAP request "enterClaim" execution failed	[MsgId: MERR-108964]
Action.c(13): Notify: Transaction "CreateClaim" ended with a "Fail" status (Duration: 1.0010 Wasted Time: 0.0002).	[MsgId: MMSG-16871]
Action.c(13): Notify: Transaction "CreateClaim" has 1 error message(s).	[MsgId: MMSG-16818]
Action.c(13): Notify: The 1st error message associated with transaction "CreateClaim" is "Error -27792: Failed to connect to server "dockerclient:8102": [10061] Connection refused"	[MsgId: MMSG-16819]
Ending action Action.	[MsgId: MMSG-15918]
Ending Vuser...	[MsgId: MMSG-15966]
Starting action vuser_end.	[MsgId: MMSG-15919]
Ending action vuser_end.	[MsgId: MMSG-15918]
Vuser Terminated.	[MsgId: MMSG-15963]
Action.c(13): Error: Failed to connect to server "dockerclient:8102": [10061] Connection refused	[MsgId: MERR-108977]
Action.c(13): Error: Failed to connect to server "dockerclient:8102": [10061] Connection refused	[MsgId: MERR-108977]
Action.c(13): Error: SOAP request "enterClaim" execution failed	[MsgId: MERR-108964]
Action.c(13): Error: SOAP request "enterClaim" execution failed	[MsgId: MERR-108964]
Action.c(13): Notify: Transaction "CreateClaim" ended with a "Fail" status (Duration: 1.0004 Wasted Time: 0.0001).	[MsgId: MMSG-16871]
Action.c(13): Notify: Transaction "CreateClaim" ended with a "Fail" status (Duration: 1.0008 Wasted Time: 0.0002).	[MsgId: MMSG-16871]
Action.c(13): Notify: Transaction "CreateClaim" has 1 error message(s).	[MsgId: MMSG-16818]
Action.c(13): Notify: Transaction "CreateClaim" has 1 error message(s).	[MsgId: MMSG-16818]
Action.c(13): Notify: The 1st error message associated with transaction "CreateClaim" is "Error -27792: Failed to connect to server "dockerclient:8102": [10061] Connection refused"	[MsgId: MMSG-16819]
Action.c(13): Notify: The 1st error message associated with transaction "CreateClaim" is "Error -27792: Failed to connect to server "dockerclient:8102": [10061] Connection refused"	[MsgId: MMSG-16819]
Ending action Action.	[MsgId: MMSG-15918]
Ending action Action.	[MsgId: MMSG-15918]
Ending Vuser...	[MsgId: MMSG-15966]
Ending Vuser...	[MsgId: MMSG-15966]
Starting action vuser_end.	[MsgId: MMSG-15919]
Starting action vuser_end.	[MsgId: MMSG-15919]
Ending action vuser_end.	[MsgId: MMSG-15918]
Ending action vuser_end.	[MsgId: MMSG-15918]
Vuser Terminated.	[MsgId: MMSG-15963]
Vuser Terminated.	[MsgId: MMSG-15963]
