Start auto log messages stack - Iteration 11.	[MsgId: MMSG-10545]
Starting action Action.	[MsgId: MMSG-15919]
Action.c(6): web_add_auto_header("Accept-Encoding") started  	[MsgId: MMSG-26355]
Action.c(6): web_add_auto_header("Accept-Encoding") was successful  	[MsgId: MMSG-26392]
Action.c(8): web_add_header("Content-Type") started  	[MsgId: MMSG-26355]
Action.c(8): Warning -26594: The header being added may cause unpredictable results if applied to ALL the URLs generated on behalf of the next script function. It will apply to the primary URL only.  	[MsgId: MWAR-26594]
Action.c(8): web_add_header("Content-Type") highest severity level was "warning"  	[MsgId: MMSG-26391]
Action.c(10): web_add_header("SOAPAction") started  	[MsgId: MMSG-26355]
Action.c(10): web_add_header("SOAPAction") was successful  	[MsgId: MMSG-26392]
Action.c(12): Error: HTTP status code 500 returned by the server	[MsgId: MERR-108974]
Action.c(12): Error: SOAP request "enterClaim" execution failed	[MsgId: MERR-108964]
End auto log messages stack.	[MsgId: MMSG-10544]


Start auto log messages stack - Iteration 10.	[MsgId: MMSG-10545]
Action.c(33): web_add_header("SOAPAction") started  	[MsgId: MMSG-26355]
Action.c(33): web_add_header("SOAPAction") was successful  	[MsgId: MMSG-26392]
Action.c(48): web_add_header("Content-Type") started  	[MsgId: MMSG-26355]
Action.c(48): Warning -26594: The header being added may cause unpredictable results if applied to ALL the URLs generated on behalf of the next script function. It will apply to the primary URL only.  	[MsgId: MWAR-26594]
Action.c(48): web_add_header("Content-Type") highest severity level was "warning"  	[MsgId: MMSG-26391]
Action.c(50): web_add_header("SOAPAction") started  	[MsgId: MMSG-26355]
Action.c(50): web_add_header("SOAPAction") was successful  	[MsgId: MMSG-26392]
Action.c(52): Error: HTTP status code 500 returned by the server	[MsgId: MERR-108974]
Action.c(52): Error: SOAP request "enterClaim_2" execution failed	[MsgId: MERR-108964]
End auto log messages stack.	[MsgId: MMSG-10544]


Start auto log messages stack - Iteration 10.	[MsgId: MMSG-10545]
Starting action Action.	[MsgId: MMSG-15919]
Action.c(6): web_add_auto_header("Accept-Encoding") started  	[MsgId: MMSG-26355]
Action.c(6): web_add_auto_header("Accept-Encoding") was successful  	[MsgId: MMSG-26392]
Action.c(8): web_add_header("Content-Type") started  	[MsgId: MMSG-26355]
Action.c(8): Warning -26594: The header being added may cause unpredictable results if applied to ALL the URLs generated on behalf of the next script function. It will apply to the primary URL only.  	[MsgId: MWAR-26594]
Action.c(8): web_add_header("Content-Type") highest severity level was "warning"  	[MsgId: MMSG-26391]
Action.c(10): web_add_header("SOAPAction") started  	[MsgId: MMSG-26355]
Action.c(10): web_add_header("SOAPAction") was successful  	[MsgId: MMSG-26392]
Action.c(12): Error: HTTP status code 500 returned by the server	[MsgId: MERR-108974]
Action.c(12): Error: SOAP request "enterClaim" execution failed	[MsgId: MERR-108964]
End auto log messages stack.	[MsgId: MMSG-10544]


