Virtual User Script started at: 10/24/2017 1:33:38 PM	[MsgId: MMSG-15967]
Virtual User Script started at: 10/24/2017 1:33:38 PM	[MsgId: MMSG-15967]
Starting action vuser_init.	[MsgId: MMSG-15919]
Starting action vuser_init.	[MsgId: MMSG-15919]
Ending action vuser_init.	[MsgId: MMSG-15918]
Ending action vuser_init.	[MsgId: MMSG-15918]
Running Vuser...	[MsgId: MMSG-15964]
Running Vuser...	[MsgId: MMSG-15964]
Virtual User Script started at: 10/24/2017 1:33:38 PM	[MsgId: MMSG-15967]
Starting action vuser_init.	[MsgId: MMSG-15919]
Ending action vuser_init.	[MsgId: MMSG-15918]
Running Vuser...	[MsgId: MMSG-15964]
Starting iteration 1.	[MsgId: MMSG-15968]
Starting action Action.	[MsgId: MMSG-15919]
Action.c(6): web_add_auto_header("Accept-Encoding") started  	[MsgId: MMSG-26355]
Action.c(6): web_add_auto_header("Accept-Encoding") was successful  	[MsgId: MMSG-26392]
Action.c(8): web_add_header("Content-Type") started  	[MsgId: MMSG-26355]
Action.c(8): Warning -26594: The header being added may cause unpredictable results if applied to ALL the URLs generated on behalf of the next script function. It will apply to the primary URL only.  	[MsgId: MWAR-26594]
Action.c(8): web_add_header("Content-Type") highest severity level was "warning"  	[MsgId: MMSG-26391]
Action.c(10): web_add_header("SOAPAction") started  	[MsgId: MMSG-26355]
Action.c(10): web_add_header("SOAPAction") was successful  	[MsgId: MMSG-26392]
Action.c(12): SOAP request "enterClaim" started	[MsgId: MMSG-108972]
Starting iteration 1.	[MsgId: MMSG-15968]
Starting action Action.	[MsgId: MMSG-15919]
Action.c(6): web_add_auto_header("Accept-Encoding") started  	[MsgId: MMSG-26355]
Action.c(6): web_add_auto_header("Accept-Encoding") was successful  	[MsgId: MMSG-26392]
Action.c(8): web_add_header("Content-Type") started  	[MsgId: MMSG-26355]
Action.c(8): Warning -26594: The header being added may cause unpredictable results if applied to ALL the URLs generated on behalf of the next script function. It will apply to the primary URL only.  	[MsgId: MWAR-26594]
Action.c(8): web_add_header("Content-Type") highest severity level was "warning"  	[MsgId: MMSG-26391]
Action.c(10): web_add_header("SOAPAction") started  	[MsgId: MMSG-26355]
Action.c(10): web_add_header("SOAPAction") was successful  	[MsgId: MMSG-26392]
Action.c(12): SOAP request "enterClaim" started	[MsgId: MMSG-108972]
Starting iteration 1.	[MsgId: MMSG-15968]
Starting action Action.	[MsgId: MMSG-15919]
Action.c(6): web_add_auto_header("Accept-Encoding") started  	[MsgId: MMSG-26355]
Action.c(6): web_add_auto_header("Accept-Encoding") was successful  	[MsgId: MMSG-26392]
Action.c(8): web_add_header("Content-Type") started  	[MsgId: MMSG-26355]
Action.c(8): Warning -26594: The header being added may cause unpredictable results if applied to ALL the URLs generated on behalf of the next script function. It will apply to the primary URL only.  	[MsgId: MWAR-26594]
Action.c(8): web_add_header("Content-Type") highest severity level was "warning"  	[MsgId: MMSG-26391]
Action.c(10): web_add_header("SOAPAction") started  	[MsgId: MMSG-26355]
Action.c(10): web_add_header("SOAPAction") was successful  	[MsgId: MMSG-26392]
Action.c(12): SOAP request "enterClaim" started	[MsgId: MMSG-108972]
Action.c(12): SOAP request "enterClaim" was successful	[MsgId: MMSG-108966]
Action.c(31): "lr_xml_get_values" succeeded, 1 match processed	[MsgId: MMSG-109995]
Action.c(35): Flynn claimId = 686	[MsgId: MMSG-17999]
Action.c(37): web_add_header("Content-Type") started  	[MsgId: MMSG-26355]
Action.c(37): Warning -26594: The header being added may cause unpredictable results if applied to ALL the URLs generated on behalf of the next script function. It will apply to the primary URL only.  	[MsgId: MWAR-26594]
Action.c(37): web_add_header("Content-Type") highest severity level was "warning"  	[MsgId: MMSG-26391]
Action.c(39): web_add_header("SOAPAction") started  	[MsgId: MMSG-26355]
Action.c(39): web_add_header("SOAPAction") was successful  	[MsgId: MMSG-26392]
Action.c(41): SOAP request "getClaim" started	[MsgId: MMSG-108972]
Action.c(41): SOAP request "getClaim" was successful	[MsgId: MMSG-108966]
Action.c(54): web_add_header("Content-Type") started  	[MsgId: MMSG-26355]
Action.c(54): Warning -26594: The header being added may cause unpredictable results if applied to ALL the URLs generated on behalf of the next script function. It will apply to the primary URL only.  	[MsgId: MWAR-26594]
Action.c(54): web_add_header("Content-Type") highest severity level was "warning"  	[MsgId: MMSG-26391]
Action.c(56): web_add_header("SOAPAction") started  	[MsgId: MMSG-26355]
Action.c(56): web_add_header("SOAPAction") was successful  	[MsgId: MMSG-26392]
Action.c(58): SOAP request "enterClaim_2" started	[MsgId: MMSG-108972]
Action.c(12): SOAP request "enterClaim" was successful	[MsgId: MMSG-108966]
Action.c(31): "lr_xml_get_values" succeeded, 1 match processed	[MsgId: MMSG-109995]
Action.c(35): Flynn claimId = 687	[MsgId: MMSG-17999]
Action.c(37): web_add_header("Content-Type") started  	[MsgId: MMSG-26355]
Action.c(37): Warning -26594: The header being added may cause unpredictable results if applied to ALL the URLs generated on behalf of the next script function. It will apply to the primary URL only.  	[MsgId: MWAR-26594]
Action.c(37): web_add_header("Content-Type") highest severity level was "warning"  	[MsgId: MMSG-26391]
Action.c(39): web_add_header("SOAPAction") started  	[MsgId: MMSG-26355]
Action.c(39): web_add_header("SOAPAction") was successful  	[MsgId: MMSG-26392]
Action.c(41): SOAP request "getClaim" started	[MsgId: MMSG-108972]
Action.c(41): SOAP request "getClaim" was successful	[MsgId: MMSG-108966]
Action.c(54): web_add_header("Content-Type") started  	[MsgId: MMSG-26355]
Action.c(54): Warning -26594: The header being added may cause unpredictable results if applied to ALL the URLs generated on behalf of the next script function. It will apply to the primary URL only.  	[MsgId: MWAR-26594]
Action.c(54): web_add_header("Content-Type") highest severity level was "warning"  	[MsgId: MMSG-26391]
Action.c(56): web_add_header("SOAPAction") started  	[MsgId: MMSG-26355]
Action.c(56): web_add_header("SOAPAction") was successful  	[MsgId: MMSG-26392]
Action.c(58): SOAP request "enterClaim_2" started	[MsgId: MMSG-108972]
Action.c(12): SOAP request "enterClaim" was successful	[MsgId: MMSG-108966]
Action.c(31): "lr_xml_get_values" succeeded, 1 match processed	[MsgId: MMSG-109995]
Action.c(35): Flynn claimId = 688	[MsgId: MMSG-17999]
Action.c(37): web_add_header("Content-Type") started  	[MsgId: MMSG-26355]
Action.c(37): Warning -26594: The header being added may cause unpredictable results if applied to ALL the URLs generated on behalf of the next script function. It will apply to the primary URL only.  	[MsgId: MWAR-26594]
Action.c(37): web_add_header("Content-Type") highest severity level was "warning"  	[MsgId: MMSG-26391]
Action.c(39): web_add_header("SOAPAction") started  	[MsgId: MMSG-26355]
Action.c(39): web_add_header("SOAPAction") was successful  	[MsgId: MMSG-26392]
Action.c(41): SOAP request "getClaim" started	[MsgId: MMSG-108972]
Action.c(41): SOAP request "getClaim" was successful	[MsgId: MMSG-108966]
Action.c(54): web_add_header("Content-Type") started  	[MsgId: MMSG-26355]
Action.c(54): Warning -26594: The header being added may cause unpredictable results if applied to ALL the URLs generated on behalf of the next script function. It will apply to the primary URL only.  	[MsgId: MWAR-26594]
Action.c(54): web_add_header("Content-Type") highest severity level was "warning"  	[MsgId: MMSG-26391]
Action.c(56): web_add_header("SOAPAction") started  	[MsgId: MMSG-26355]
Action.c(56): web_add_header("SOAPAction") was successful  	[MsgId: MMSG-26392]
Action.c(58): SOAP request "enterClaim_2" started	[MsgId: MMSG-108972]
Action.c(58): SOAP request "enterClaim_2" was successful	[MsgId: MMSG-108966]
Action.c(77): "lr_xml_get_values" succeeded, 1 match processed	[MsgId: MMSG-109995]
Action.c(81): Flynn claimId = 689	[MsgId: MMSG-17999]
Action.c(83): web_add_header("Content-Type") started  	[MsgId: MMSG-26355]
Action.c(83): Warning -26594: The header being added may cause unpredictable results if applied to ALL the URLs generated on behalf of the next script function. It will apply to the primary URL only.  	[MsgId: MWAR-26594]
Action.c(83): web_add_header("Content-Type") highest severity level was "warning"  	[MsgId: MMSG-26391]
Action.c(85): web_add_header("SOAPAction") started  	[MsgId: MMSG-26355]
Action.c(85): web_add_header("SOAPAction") was successful  	[MsgId: MMSG-26392]
Action.c(88): SOAP request "getClaim_2" started	[MsgId: MMSG-108972]
Action.c(88): SOAP request "getClaim_2" was successful	[MsgId: MMSG-108966]
Ending action Action.	[MsgId: MMSG-15918]
Ending iteration 1.	[MsgId: MMSG-15965]
Starting iteration 2.	[MsgId: MMSG-15968]
Starting action Action.	[MsgId: MMSG-15919]
Action.c(6): web_add_auto_header("Accept-Encoding") started  	[MsgId: MMSG-26355]
Action.c(6): web_add_auto_header("Accept-Encoding") was successful  	[MsgId: MMSG-26392]
Action.c(8): web_add_header("Content-Type") started  	[MsgId: MMSG-26355]
Action.c(8): Warning -26594: The header being added may cause unpredictable results if applied to ALL the URLs generated on behalf of the next script function. It will apply to the primary URL only.  	[MsgId: MWAR-26594]
Action.c(8): web_add_header("Content-Type") highest severity level was "warning"  	[MsgId: MMSG-26391]
Action.c(10): web_add_header("SOAPAction") started  	[MsgId: MMSG-26355]
Action.c(10): web_add_header("SOAPAction") was successful  	[MsgId: MMSG-26392]
Action.c(12): SOAP request "enterClaim" started	[MsgId: MMSG-108972]
Action.c(58): SOAP request "enterClaim_2" was successful	[MsgId: MMSG-108966]
Action.c(77): "lr_xml_get_values" succeeded, 1 match processed	[MsgId: MMSG-109995]
Action.c(81): Flynn claimId = 690	[MsgId: MMSG-17999]
Action.c(83): web_add_header("Content-Type") started  	[MsgId: MMSG-26355]
Action.c(83): Warning -26594: The header being added may cause unpredictable results if applied to ALL the URLs generated on behalf of the next script function. It will apply to the primary URL only.  	[MsgId: MWAR-26594]
Action.c(83): web_add_header("Content-Type") highest severity level was "warning"  	[MsgId: MMSG-26391]
Action.c(85): web_add_header("SOAPAction") started  	[MsgId: MMSG-26355]
Action.c(85): web_add_header("SOAPAction") was successful  	[MsgId: MMSG-26392]
Action.c(88): SOAP request "getClaim_2" started	[MsgId: MMSG-108972]
Action.c(88): SOAP request "getClaim_2" was successful	[MsgId: MMSG-108966]
Ending action Action.	[MsgId: MMSG-15918]
Ending iteration 1.	[MsgId: MMSG-15965]
Starting iteration 2.	[MsgId: MMSG-15968]
Starting action Action.	[MsgId: MMSG-15919]
Action.c(6): web_add_auto_header("Accept-Encoding") started  	[MsgId: MMSG-26355]
Action.c(6): web_add_auto_header("Accept-Encoding") was successful  	[MsgId: MMSG-26392]
Action.c(8): web_add_header("Content-Type") started  	[MsgId: MMSG-26355]
Action.c(8): Warning -26594: The header being added may cause unpredictable results if applied to ALL the URLs generated on behalf of the next script function. It will apply to the primary URL only.  	[MsgId: MWAR-26594]
Action.c(8): web_add_header("Content-Type") highest severity level was "warning"  	[MsgId: MMSG-26391]
Action.c(10): web_add_header("SOAPAction") started  	[MsgId: MMSG-26355]
Action.c(10): web_add_header("SOAPAction") was successful  	[MsgId: MMSG-26392]
Action.c(12): SOAP request "enterClaim" started	[MsgId: MMSG-108972]
Action.c(58): SOAP request "enterClaim_2" was successful	[MsgId: MMSG-108966]
Action.c(77): "lr_xml_get_values" succeeded, 1 match processed	[MsgId: MMSG-109995]
Action.c(81): Flynn claimId = 691	[MsgId: MMSG-17999]
Action.c(83): web_add_header("Content-Type") started  	[MsgId: MMSG-26355]
Action.c(83): Warning -26594: The header being added may cause unpredictable results if applied to ALL the URLs generated on behalf of the next script function. It will apply to the primary URL only.  	[MsgId: MWAR-26594]
Action.c(83): web_add_header("Content-Type") highest severity level was "warning"  	[MsgId: MMSG-26391]
Action.c(85): web_add_header("SOAPAction") started  	[MsgId: MMSG-26355]
Action.c(85): web_add_header("SOAPAction") was successful  	[MsgId: MMSG-26392]
Action.c(88): SOAP request "getClaim_2" started	[MsgId: MMSG-108972]
Action.c(88): SOAP request "getClaim_2" was successful	[MsgId: MMSG-108966]
Ending action Action.	[MsgId: MMSG-15918]
Ending iteration 1.	[MsgId: MMSG-15965]
Starting iteration 2.	[MsgId: MMSG-15968]
Starting action Action.	[MsgId: MMSG-15919]
Action.c(6): web_add_auto_header("Accept-Encoding") started  	[MsgId: MMSG-26355]
Action.c(6): web_add_auto_header("Accept-Encoding") was successful  	[MsgId: MMSG-26392]
Action.c(8): web_add_header("Content-Type") started  	[MsgId: MMSG-26355]
Action.c(8): Warning -26594: The header being added may cause unpredictable results if applied to ALL the URLs generated on behalf of the next script function. It will apply to the primary URL only.  	[MsgId: MWAR-26594]
Action.c(8): web_add_header("Content-Type") highest severity level was "warning"  	[MsgId: MMSG-26391]
Action.c(10): web_add_header("SOAPAction") started  	[MsgId: MMSG-26355]
Action.c(10): web_add_header("SOAPAction") was successful  	[MsgId: MMSG-26392]
Action.c(12): SOAP request "enterClaim" started	[MsgId: MMSG-108972]
Action.c(12): SOAP request "enterClaim" was successful	[MsgId: MMSG-108966]
Action.c(31): "lr_xml_get_values" succeeded, 1 match processed	[MsgId: MMSG-109995]
Action.c(35): Flynn claimId = 692	[MsgId: MMSG-17999]
Action.c(37): web_add_header("Content-Type") started  	[MsgId: MMSG-26355]
Action.c(37): Warning -26594: The header being added may cause unpredictable results if applied to ALL the URLs generated on behalf of the next script function. It will apply to the primary URL only.  	[MsgId: MWAR-26594]
Action.c(37): web_add_header("Content-Type") highest severity level was "warning"  	[MsgId: MMSG-26391]
Action.c(39): web_add_header("SOAPAction") started  	[MsgId: MMSG-26355]
Action.c(39): web_add_header("SOAPAction") was successful  	[MsgId: MMSG-26392]
Action.c(41): SOAP request "getClaim" started	[MsgId: MMSG-108972]
Action.c(41): SOAP request "getClaim" was successful	[MsgId: MMSG-108966]
Action.c(54): web_add_header("Content-Type") started  	[MsgId: MMSG-26355]
Action.c(54): Warning -26594: The header being added may cause unpredictable results if applied to ALL the URLs generated on behalf of the next script function. It will apply to the primary URL only.  	[MsgId: MWAR-26594]
Action.c(54): web_add_header("Content-Type") highest severity level was "warning"  	[MsgId: MMSG-26391]
Action.c(56): web_add_header("SOAPAction") started  	[MsgId: MMSG-26355]
Action.c(56): web_add_header("SOAPAction") was successful  	[MsgId: MMSG-26392]
Action.c(58): SOAP request "enterClaim_2" started	[MsgId: MMSG-108972]
Action.c(12): SOAP request "enterClaim" was successful	[MsgId: MMSG-108966]
Action.c(31): "lr_xml_get_values" succeeded, 1 match processed	[MsgId: MMSG-109995]
Action.c(35): Flynn claimId = 693	[MsgId: MMSG-17999]
Action.c(37): web_add_header("Content-Type") started  	[MsgId: MMSG-26355]
Action.c(37): Warning -26594: The header being added may cause unpredictable results if applied to ALL the URLs generated on behalf of the next script function. It will apply to the primary URL only.  	[MsgId: MWAR-26594]
Action.c(37): web_add_header("Content-Type") highest severity level was "warning"  	[MsgId: MMSG-26391]
Action.c(39): web_add_header("SOAPAction") started  	[MsgId: MMSG-26355]
Action.c(39): web_add_header("SOAPAction") was successful  	[MsgId: MMSG-26392]
Action.c(41): SOAP request "getClaim" started	[MsgId: MMSG-108972]
Action.c(41): SOAP request "getClaim" was successful	[MsgId: MMSG-108966]
Action.c(54): web_add_header("Content-Type") started  	[MsgId: MMSG-26355]
Action.c(54): Warning -26594: The header being added may cause unpredictable results if applied to ALL the URLs generated on behalf of the next script function. It will apply to the primary URL only.  	[MsgId: MWAR-26594]
Action.c(54): web_add_header("Content-Type") highest severity level was "warning"  	[MsgId: MMSG-26391]
Action.c(56): web_add_header("SOAPAction") started  	[MsgId: MMSG-26355]
Action.c(56): web_add_header("SOAPAction") was successful  	[MsgId: MMSG-26392]
Action.c(58): SOAP request "enterClaim_2" started	[MsgId: MMSG-108972]
Action.c(12): SOAP request "enterClaim" was successful	[MsgId: MMSG-108966]
Action.c(31): "lr_xml_get_values" succeeded, 1 match processed	[MsgId: MMSG-109995]
Action.c(35): Flynn claimId = 694	[MsgId: MMSG-17999]
Action.c(37): web_add_header("Content-Type") started  	[MsgId: MMSG-26355]
Action.c(37): Warning -26594: The header being added may cause unpredictable results if applied to ALL the URLs generated on behalf of the next script function. It will apply to the primary URL only.  	[MsgId: MWAR-26594]
Action.c(37): web_add_header("Content-Type") highest severity level was "warning"  	[MsgId: MMSG-26391]
Action.c(39): web_add_header("SOAPAction") started  	[MsgId: MMSG-26355]
Action.c(39): web_add_header("SOAPAction") was successful  	[MsgId: MMSG-26392]
Action.c(41): SOAP request "getClaim" started	[MsgId: MMSG-108972]
Action.c(41): SOAP request "getClaim" was successful	[MsgId: MMSG-108966]
Action.c(54): web_add_header("Content-Type") started  	[MsgId: MMSG-26355]
Action.c(54): Warning -26594: The header being added may cause unpredictable results if applied to ALL the URLs generated on behalf of the next script function. It will apply to the primary URL only.  	[MsgId: MWAR-26594]
Action.c(54): web_add_header("Content-Type") highest severity level was "warning"  	[MsgId: MMSG-26391]
Action.c(56): web_add_header("SOAPAction") started  	[MsgId: MMSG-26355]
Action.c(56): web_add_header("SOAPAction") was successful  	[MsgId: MMSG-26392]
Action.c(58): SOAP request "enterClaim_2" started	[MsgId: MMSG-108972]
Action.c(58): SOAP request "enterClaim_2" was successful	[MsgId: MMSG-108966]
Action.c(77): "lr_xml_get_values" succeeded, 1 match processed	[MsgId: MMSG-109995]
Action.c(81): Flynn claimId = 695	[MsgId: MMSG-17999]
Action.c(83): web_add_header("Content-Type") started  	[MsgId: MMSG-26355]
Action.c(83): Warning -26594: The header being added may cause unpredictable results if applied to ALL the URLs generated on behalf of the next script function. It will apply to the primary URL only.  	[MsgId: MWAR-26594]
Action.c(83): web_add_header("Content-Type") highest severity level was "warning"  	[MsgId: MMSG-26391]
Action.c(85): web_add_header("SOAPAction") started  	[MsgId: MMSG-26355]
Action.c(85): web_add_header("SOAPAction") was successful  	[MsgId: MMSG-26392]
Action.c(88): SOAP request "getClaim_2" started	[MsgId: MMSG-108972]
Action.c(88): SOAP request "getClaim_2" was successful	[MsgId: MMSG-108966]
Ending action Action.	[MsgId: MMSG-15918]
Ending iteration 2.	[MsgId: MMSG-15965]
Starting iteration 3.	[MsgId: MMSG-15968]
Starting action Action.	[MsgId: MMSG-15919]
Action.c(6): web_add_auto_header("Accept-Encoding") started  	[MsgId: MMSG-26355]
Action.c(6): web_add_auto_header("Accept-Encoding") was successful  	[MsgId: MMSG-26392]
Action.c(8): web_add_header("Content-Type") started  	[MsgId: MMSG-26355]
Action.c(8): Warning -26594: The header being added may cause unpredictable results if applied to ALL the URLs generated on behalf of the next script function. It will apply to the primary URL only.  	[MsgId: MWAR-26594]
Action.c(8): web_add_header("Content-Type") highest severity level was "warning"  	[MsgId: MMSG-26391]
Action.c(10): web_add_header("SOAPAction") started  	[MsgId: MMSG-26355]
Action.c(10): web_add_header("SOAPAction") was successful  	[MsgId: MMSG-26392]
Action.c(12): SOAP request "enterClaim" started	[MsgId: MMSG-108972]
Action.c(58): SOAP request "enterClaim_2" was successful	[MsgId: MMSG-108966]
Action.c(77): "lr_xml_get_values" succeeded, 1 match processed	[MsgId: MMSG-109995]
Action.c(81): Flynn claimId = 696	[MsgId: MMSG-17999]
Action.c(83): web_add_header("Content-Type") started  	[MsgId: MMSG-26355]
Action.c(83): Warning -26594: The header being added may cause unpredictable results if applied to ALL the URLs generated on behalf of the next script function. It will apply to the primary URL only.  	[MsgId: MWAR-26594]
Action.c(83): web_add_header("Content-Type") highest severity level was "warning"  	[MsgId: MMSG-26391]
Action.c(85): web_add_header("SOAPAction") started  	[MsgId: MMSG-26355]
Action.c(85): web_add_header("SOAPAction") was successful  	[MsgId: MMSG-26392]
Action.c(88): SOAP request "getClaim_2" started	[MsgId: MMSG-108972]
Action.c(88): SOAP request "getClaim_2" was successful	[MsgId: MMSG-108966]
Ending action Action.	[MsgId: MMSG-15918]
Ending iteration 2.	[MsgId: MMSG-15965]
Starting iteration 3.	[MsgId: MMSG-15968]
Starting action Action.	[MsgId: MMSG-15919]
Action.c(6): web_add_auto_header("Accept-Encoding") started  	[MsgId: MMSG-26355]
Action.c(6): web_add_auto_header("Accept-Encoding") was successful  	[MsgId: MMSG-26392]
Action.c(8): web_add_header("Content-Type") started  	[MsgId: MMSG-26355]
Action.c(8): Warning -26594: The header being added may cause unpredictable results if applied to ALL the URLs generated on behalf of the next script function. It will apply to the primary URL only.  	[MsgId: MWAR-26594]
Action.c(8): web_add_header("Content-Type") highest severity level was "warning"  	[MsgId: MMSG-26391]
Action.c(10): web_add_header("SOAPAction") started  	[MsgId: MMSG-26355]
Action.c(10): web_add_header("SOAPAction") was successful  	[MsgId: MMSG-26392]
Action.c(12): SOAP request "enterClaim" started	[MsgId: MMSG-108972]
Action.c(58): SOAP request "enterClaim_2" was successful	[MsgId: MMSG-108966]
Action.c(77): "lr_xml_get_values" succeeded, 1 match processed	[MsgId: MMSG-109995]
Action.c(81): Flynn claimId = 697	[MsgId: MMSG-17999]
Action.c(83): web_add_header("Content-Type") started  	[MsgId: MMSG-26355]
Action.c(83): Warning -26594: The header being added may cause unpredictable results if applied to ALL the URLs generated on behalf of the next script function. It will apply to the primary URL only.  	[MsgId: MWAR-26594]
Action.c(83): web_add_header("Content-Type") highest severity level was "warning"  	[MsgId: MMSG-26391]
Action.c(85): web_add_header("SOAPAction") started  	[MsgId: MMSG-26355]
Action.c(85): web_add_header("SOAPAction") was successful  	[MsgId: MMSG-26392]
Action.c(88): SOAP request "getClaim_2" started	[MsgId: MMSG-108972]
Action.c(88): SOAP request "getClaim_2" was successful	[MsgId: MMSG-108966]
Ending action Action.	[MsgId: MMSG-15918]
Ending iteration 2.	[MsgId: MMSG-15965]
Starting iteration 3.	[MsgId: MMSG-15968]
Starting action Action.	[MsgId: MMSG-15919]
Action.c(6): web_add_auto_header("Accept-Encoding") started  	[MsgId: MMSG-26355]
Action.c(6): web_add_auto_header("Accept-Encoding") was successful  	[MsgId: MMSG-26392]
Action.c(8): web_add_header("Content-Type") started  	[MsgId: MMSG-26355]
Action.c(8): Warning -26594: The header being added may cause unpredictable results if applied to ALL the URLs generated on behalf of the next script function. It will apply to the primary URL only.  	[MsgId: MWAR-26594]
Action.c(8): web_add_header("Content-Type") highest severity level was "warning"  	[MsgId: MMSG-26391]
Action.c(10): web_add_header("SOAPAction") started  	[MsgId: MMSG-26355]
Action.c(10): web_add_header("SOAPAction") was successful  	[MsgId: MMSG-26392]
Action.c(12): SOAP request "enterClaim" started	[MsgId: MMSG-108972]
Action.c(12): SOAP request "enterClaim" was successful	[MsgId: MMSG-108966]
Action.c(31): "lr_xml_get_values" succeeded, 1 match processed	[MsgId: MMSG-109995]
Action.c(35): Flynn claimId = 698	[MsgId: MMSG-17999]
Action.c(37): web_add_header("Content-Type") started  	[MsgId: MMSG-26355]
Action.c(37): Warning -26594: The header being added may cause unpredictable results if applied to ALL the URLs generated on behalf of the next script function. It will apply to the primary URL only.  	[MsgId: MWAR-26594]
Action.c(37): web_add_header("Content-Type") highest severity level was "warning"  	[MsgId: MMSG-26391]
Action.c(39): web_add_header("SOAPAction") started  	[MsgId: MMSG-26355]
Action.c(39): web_add_header("SOAPAction") was successful  	[MsgId: MMSG-26392]
Action.c(41): SOAP request "getClaim" started	[MsgId: MMSG-108972]
Action.c(41): SOAP request "getClaim" was successful	[MsgId: MMSG-108966]
Action.c(54): web_add_header("Content-Type") started  	[MsgId: MMSG-26355]
Action.c(54): Warning -26594: The header being added may cause unpredictable results if applied to ALL the URLs generated on behalf of the next script function. It will apply to the primary URL only.  	[MsgId: MWAR-26594]
Action.c(54): web_add_header("Content-Type") highest severity level was "warning"  	[MsgId: MMSG-26391]
Action.c(56): web_add_header("SOAPAction") started  	[MsgId: MMSG-26355]
Action.c(56): web_add_header("SOAPAction") was successful  	[MsgId: MMSG-26392]
Action.c(58): SOAP request "enterClaim_2" started	[MsgId: MMSG-108972]
Action.c(12): SOAP request "enterClaim" was successful	[MsgId: MMSG-108966]
Action.c(31): "lr_xml_get_values" succeeded, 1 match processed	[MsgId: MMSG-109995]
Action.c(35): Flynn claimId = 699	[MsgId: MMSG-17999]
Action.c(37): web_add_header("Content-Type") started  	[MsgId: MMSG-26355]
Action.c(37): Warning -26594: The header being added may cause unpredictable results if applied to ALL the URLs generated on behalf of the next script function. It will apply to the primary URL only.  	[MsgId: MWAR-26594]
Action.c(37): web_add_header("Content-Type") highest severity level was "warning"  	[MsgId: MMSG-26391]
Action.c(39): web_add_header("SOAPAction") started  	[MsgId: MMSG-26355]
Action.c(39): web_add_header("SOAPAction") was successful  	[MsgId: MMSG-26392]
Action.c(41): SOAP request "getClaim" started	[MsgId: MMSG-108972]
Action.c(41): SOAP request "getClaim" was successful	[MsgId: MMSG-108966]
Action.c(54): web_add_header("Content-Type") started  	[MsgId: MMSG-26355]
Action.c(54): Warning -26594: The header being added may cause unpredictable results if applied to ALL the URLs generated on behalf of the next script function. It will apply to the primary URL only.  	[MsgId: MWAR-26594]
Action.c(54): web_add_header("Content-Type") highest severity level was "warning"  	[MsgId: MMSG-26391]
Action.c(56): web_add_header("SOAPAction") started  	[MsgId: MMSG-26355]
Action.c(56): web_add_header("SOAPAction") was successful  	[MsgId: MMSG-26392]
Action.c(58): SOAP request "enterClaim_2" started	[MsgId: MMSG-108972]
Action.c(12): SOAP request "enterClaim" was successful	[MsgId: MMSG-108966]
Action.c(31): "lr_xml_get_values" succeeded, 1 match processed	[MsgId: MMSG-109995]
Action.c(35): Flynn claimId = 700	[MsgId: MMSG-17999]
Action.c(37): web_add_header("Content-Type") started  	[MsgId: MMSG-26355]
Action.c(37): Warning -26594: The header being added may cause unpredictable results if applied to ALL the URLs generated on behalf of the next script function. It will apply to the primary URL only.  	[MsgId: MWAR-26594]
Action.c(37): web_add_header("Content-Type") highest severity level was "warning"  	[MsgId: MMSG-26391]
Action.c(39): web_add_header("SOAPAction") started  	[MsgId: MMSG-26355]
Action.c(39): web_add_header("SOAPAction") was successful  	[MsgId: MMSG-26392]
Action.c(41): SOAP request "getClaim" started	[MsgId: MMSG-108972]
Action.c(41): SOAP request "getClaim" was successful	[MsgId: MMSG-108966]
Action.c(54): web_add_header("Content-Type") started  	[MsgId: MMSG-26355]
Action.c(54): Warning -26594: The header being added may cause unpredictable results if applied to ALL the URLs generated on behalf of the next script function. It will apply to the primary URL only.  	[MsgId: MWAR-26594]
Action.c(54): web_add_header("Content-Type") highest severity level was "warning"  	[MsgId: MMSG-26391]
Action.c(56): web_add_header("SOAPAction") started  	[MsgId: MMSG-26355]
Action.c(56): web_add_header("SOAPAction") was successful  	[MsgId: MMSG-26392]
Action.c(58): SOAP request "enterClaim_2" started	[MsgId: MMSG-108972]
Action.c(58): SOAP request "enterClaim_2" was successful	[MsgId: MMSG-108966]
Action.c(77): "lr_xml_get_values" succeeded, 1 match processed	[MsgId: MMSG-109995]
Action.c(81): Flynn claimId = 701	[MsgId: MMSG-17999]
Action.c(83): web_add_header("Content-Type") started  	[MsgId: MMSG-26355]
Action.c(83): Warning -26594: The header being added may cause unpredictable results if applied to ALL the URLs generated on behalf of the next script function. It will apply to the primary URL only.  	[MsgId: MWAR-26594]
Action.c(83): web_add_header("Content-Type") highest severity level was "warning"  	[MsgId: MMSG-26391]
Action.c(85): web_add_header("SOAPAction") started  	[MsgId: MMSG-26355]
Action.c(85): web_add_header("SOAPAction") was successful  	[MsgId: MMSG-26392]
Action.c(88): SOAP request "getClaim_2" started	[MsgId: MMSG-108972]
Action.c(88): SOAP request "getClaim_2" was successful	[MsgId: MMSG-108966]
Ending action Action.	[MsgId: MMSG-15918]
Ending iteration 3.	[MsgId: MMSG-15965]
Starting iteration 4.	[MsgId: MMSG-15968]
Starting action Action.	[MsgId: MMSG-15919]
Action.c(6): web_add_auto_header("Accept-Encoding") started  	[MsgId: MMSG-26355]
Action.c(6): web_add_auto_header("Accept-Encoding") was successful  	[MsgId: MMSG-26392]
Action.c(8): web_add_header("Content-Type") started  	[MsgId: MMSG-26355]
Action.c(8): Warning -26594: The header being added may cause unpredictable results if applied to ALL the URLs generated on behalf of the next script function. It will apply to the primary URL only.  	[MsgId: MWAR-26594]
Action.c(8): web_add_header("Content-Type") highest severity level was "warning"  	[MsgId: MMSG-26391]
Action.c(10): web_add_header("SOAPAction") started  	[MsgId: MMSG-26355]
Action.c(10): web_add_header("SOAPAction") was successful  	[MsgId: MMSG-26392]
Action.c(12): SOAP request "enterClaim" started	[MsgId: MMSG-108972]
Action.c(58): SOAP request "enterClaim_2" was successful	[MsgId: MMSG-108966]
Action.c(77): "lr_xml_get_values" succeeded, 1 match processed	[MsgId: MMSG-109995]
Action.c(81): Flynn claimId = 702	[MsgId: MMSG-17999]
Action.c(83): web_add_header("Content-Type") started  	[MsgId: MMSG-26355]
Action.c(83): Warning -26594: The header being added may cause unpredictable results if applied to ALL the URLs generated on behalf of the next script function. It will apply to the primary URL only.  	[MsgId: MWAR-26594]
Action.c(83): web_add_header("Content-Type") highest severity level was "warning"  	[MsgId: MMSG-26391]
Action.c(85): web_add_header("SOAPAction") started  	[MsgId: MMSG-26355]
Action.c(85): web_add_header("SOAPAction") was successful  	[MsgId: MMSG-26392]
Action.c(88): SOAP request "getClaim_2" started	[MsgId: MMSG-108972]
Action.c(88): SOAP request "getClaim_2" was successful	[MsgId: MMSG-108966]
Ending action Action.	[MsgId: MMSG-15918]
Ending iteration 3.	[MsgId: MMSG-15965]
Starting iteration 4.	[MsgId: MMSG-15968]
Starting action Action.	[MsgId: MMSG-15919]
Action.c(6): web_add_auto_header("Accept-Encoding") started  	[MsgId: MMSG-26355]
Action.c(6): web_add_auto_header("Accept-Encoding") was successful  	[MsgId: MMSG-26392]
Action.c(8): web_add_header("Content-Type") started  	[MsgId: MMSG-26355]
Action.c(8): Warning -26594: The header being added may cause unpredictable results if applied to ALL the URLs generated on behalf of the next script function. It will apply to the primary URL only.  	[MsgId: MWAR-26594]
Action.c(8): web_add_header("Content-Type") highest severity level was "warning"  	[MsgId: MMSG-26391]
Action.c(10): web_add_header("SOAPAction") started  	[MsgId: MMSG-26355]
Action.c(10): web_add_header("SOAPAction") was successful  	[MsgId: MMSG-26392]
Action.c(12): SOAP request "enterClaim" started	[MsgId: MMSG-108972]
Action.c(58): SOAP request "enterClaim_2" was successful	[MsgId: MMSG-108966]
Action.c(77): "lr_xml_get_values" succeeded, 1 match processed	[MsgId: MMSG-109995]
Action.c(81): Flynn claimId = 703	[MsgId: MMSG-17999]
Action.c(83): web_add_header("Content-Type") started  	[MsgId: MMSG-26355]
Action.c(83): Warning -26594: The header being added may cause unpredictable results if applied to ALL the URLs generated on behalf of the next script function. It will apply to the primary URL only.  	[MsgId: MWAR-26594]
Action.c(83): web_add_header("Content-Type") highest severity level was "warning"  	[MsgId: MMSG-26391]
Action.c(85): web_add_header("SOAPAction") started  	[MsgId: MMSG-26355]
Action.c(85): web_add_header("SOAPAction") was successful  	[MsgId: MMSG-26392]
Action.c(88): SOAP request "getClaim_2" started	[MsgId: MMSG-108972]
Action.c(88): SOAP request "getClaim_2" was successful	[MsgId: MMSG-108966]
Ending action Action.	[MsgId: MMSG-15918]
Ending iteration 3.	[MsgId: MMSG-15965]
Starting iteration 4.	[MsgId: MMSG-15968]
Starting action Action.	[MsgId: MMSG-15919]
Action.c(6): web_add_auto_header("Accept-Encoding") started  	[MsgId: MMSG-26355]
Action.c(6): web_add_auto_header("Accept-Encoding") was successful  	[MsgId: MMSG-26392]
Action.c(8): web_add_header("Content-Type") started  	[MsgId: MMSG-26355]
Action.c(8): Warning -26594: The header being added may cause unpredictable results if applied to ALL the URLs generated on behalf of the next script function. It will apply to the primary URL only.  	[MsgId: MWAR-26594]
Action.c(8): web_add_header("Content-Type") highest severity level was "warning"  	[MsgId: MMSG-26391]
Action.c(10): web_add_header("SOAPAction") started  	[MsgId: MMSG-26355]
Action.c(10): web_add_header("SOAPAction") was successful  	[MsgId: MMSG-26392]
Action.c(12): SOAP request "enterClaim" started	[MsgId: MMSG-108972]
Action.c(12): SOAP request "enterClaim" was successful	[MsgId: MMSG-108966]
Action.c(31): "lr_xml_get_values" succeeded, 1 match processed	[MsgId: MMSG-109995]
Action.c(35): Flynn claimId = 704	[MsgId: MMSG-17999]
Action.c(37): web_add_header("Content-Type") started  	[MsgId: MMSG-26355]
Action.c(37): Warning -26594: The header being added may cause unpredictable results if applied to ALL the URLs generated on behalf of the next script function. It will apply to the primary URL only.  	[MsgId: MWAR-26594]
Action.c(37): web_add_header("Content-Type") highest severity level was "warning"  	[MsgId: MMSG-26391]
Action.c(39): web_add_header("SOAPAction") started  	[MsgId: MMSG-26355]
Action.c(39): web_add_header("SOAPAction") was successful  	[MsgId: MMSG-26392]
Action.c(41): SOAP request "getClaim" started	[MsgId: MMSG-108972]
Action.c(41): SOAP request "getClaim" was successful	[MsgId: MMSG-108966]
Action.c(54): web_add_header("Content-Type") started  	[MsgId: MMSG-26355]
Action.c(54): Warning -26594: The header being added may cause unpredictable results if applied to ALL the URLs generated on behalf of the next script function. It will apply to the primary URL only.  	[MsgId: MWAR-26594]
Action.c(54): web_add_header("Content-Type") highest severity level was "warning"  	[MsgId: MMSG-26391]
Action.c(56): web_add_header("SOAPAction") started  	[MsgId: MMSG-26355]
Action.c(56): web_add_header("SOAPAction") was successful  	[MsgId: MMSG-26392]
Action.c(58): SOAP request "enterClaim_2" started	[MsgId: MMSG-108972]
Action.c(12): SOAP request "enterClaim" was successful	[MsgId: MMSG-108966]
Action.c(31): "lr_xml_get_values" succeeded, 1 match processed	[MsgId: MMSG-109995]
Action.c(35): Flynn claimId = 705	[MsgId: MMSG-17999]
Action.c(37): web_add_header("Content-Type") started  	[MsgId: MMSG-26355]
Action.c(37): Warning -26594: The header being added may cause unpredictable results if applied to ALL the URLs generated on behalf of the next script function. It will apply to the primary URL only.  	[MsgId: MWAR-26594]
Action.c(37): web_add_header("Content-Type") highest severity level was "warning"  	[MsgId: MMSG-26391]
Action.c(39): web_add_header("SOAPAction") started  	[MsgId: MMSG-26355]
Action.c(39): web_add_header("SOAPAction") was successful  	[MsgId: MMSG-26392]
Action.c(41): SOAP request "getClaim" started	[MsgId: MMSG-108972]
Action.c(41): SOAP request "getClaim" was successful	[MsgId: MMSG-108966]
Action.c(54): web_add_header("Content-Type") started  	[MsgId: MMSG-26355]
Action.c(54): Warning -26594: The header being added may cause unpredictable results if applied to ALL the URLs generated on behalf of the next script function. It will apply to the primary URL only.  	[MsgId: MWAR-26594]
Action.c(54): web_add_header("Content-Type") highest severity level was "warning"  	[MsgId: MMSG-26391]
Action.c(56): web_add_header("SOAPAction") started  	[MsgId: MMSG-26355]
Action.c(56): web_add_header("SOAPAction") was successful  	[MsgId: MMSG-26392]
Action.c(58): SOAP request "enterClaim_2" started	[MsgId: MMSG-108972]
Action.c(12): SOAP request "enterClaim" was successful	[MsgId: MMSG-108966]
Action.c(31): "lr_xml_get_values" succeeded, 1 match processed	[MsgId: MMSG-109995]
Action.c(35): Flynn claimId = 706	[MsgId: MMSG-17999]
Action.c(37): web_add_header("Content-Type") started  	[MsgId: MMSG-26355]
Action.c(37): Warning -26594: The header being added may cause unpredictable results if applied to ALL the URLs generated on behalf of the next script function. It will apply to the primary URL only.  	[MsgId: MWAR-26594]
Action.c(37): web_add_header("Content-Type") highest severity level was "warning"  	[MsgId: MMSG-26391]
Action.c(39): web_add_header("SOAPAction") started  	[MsgId: MMSG-26355]
Action.c(39): web_add_header("SOAPAction") was successful  	[MsgId: MMSG-26392]
Action.c(41): SOAP request "getClaim" started	[MsgId: MMSG-108972]
Action.c(41): SOAP request "getClaim" was successful	[MsgId: MMSG-108966]
Action.c(54): web_add_header("Content-Type") started  	[MsgId: MMSG-26355]
Action.c(54): Warning -26594: The header being added may cause unpredictable results if applied to ALL the URLs generated on behalf of the next script function. It will apply to the primary URL only.  	[MsgId: MWAR-26594]
Action.c(54): web_add_header("Content-Type") highest severity level was "warning"  	[MsgId: MMSG-26391]
Action.c(56): web_add_header("SOAPAction") started  	[MsgId: MMSG-26355]
Action.c(56): web_add_header("SOAPAction") was successful  	[MsgId: MMSG-26392]
Action.c(58): SOAP request "enterClaim_2" started	[MsgId: MMSG-108972]
Action.c(58): SOAP request "enterClaim_2" was successful	[MsgId: MMSG-108966]
Action.c(77): "lr_xml_get_values" succeeded, 1 match processed	[MsgId: MMSG-109995]
Action.c(81): Flynn claimId = 707	[MsgId: MMSG-17999]
Action.c(83): web_add_header("Content-Type") started  	[MsgId: MMSG-26355]
Action.c(83): Warning -26594: The header being added may cause unpredictable results if applied to ALL the URLs generated on behalf of the next script function. It will apply to the primary URL only.  	[MsgId: MWAR-26594]
Action.c(83): web_add_header("Content-Type") highest severity level was "warning"  	[MsgId: MMSG-26391]
Action.c(85): web_add_header("SOAPAction") started  	[MsgId: MMSG-26355]
Action.c(85): web_add_header("SOAPAction") was successful  	[MsgId: MMSG-26392]
Action.c(88): SOAP request "getClaim_2" started	[MsgId: MMSG-108972]
Action.c(88): SOAP request "getClaim_2" was successful	[MsgId: MMSG-108966]
Ending action Action.	[MsgId: MMSG-15918]
Ending iteration 4.	[MsgId: MMSG-15965]
Starting iteration 5.	[MsgId: MMSG-15968]
Starting action Action.	[MsgId: MMSG-15919]
Action.c(6): web_add_auto_header("Accept-Encoding") started  	[MsgId: MMSG-26355]
Action.c(6): web_add_auto_header("Accept-Encoding") was successful  	[MsgId: MMSG-26392]
Action.c(8): web_add_header("Content-Type") started  	[MsgId: MMSG-26355]
Action.c(8): Warning -26594: The header being added may cause unpredictable results if applied to ALL the URLs generated on behalf of the next script function. It will apply to the primary URL only.  	[MsgId: MWAR-26594]
Action.c(8): web_add_header("Content-Type") highest severity level was "warning"  	[MsgId: MMSG-26391]
Action.c(10): web_add_header("SOAPAction") started  	[MsgId: MMSG-26355]
Action.c(10): web_add_header("SOAPAction") was successful  	[MsgId: MMSG-26392]
Action.c(12): SOAP request "enterClaim" started	[MsgId: MMSG-108972]
Action.c(58): SOAP request "enterClaim_2" was successful	[MsgId: MMSG-108966]
Action.c(77): "lr_xml_get_values" succeeded, 1 match processed	[MsgId: MMSG-109995]
Action.c(81): Flynn claimId = 708	[MsgId: MMSG-17999]
Action.c(83): web_add_header("Content-Type") started  	[MsgId: MMSG-26355]
Action.c(83): Warning -26594: The header being added may cause unpredictable results if applied to ALL the URLs generated on behalf of the next script function. It will apply to the primary URL only.  	[MsgId: MWAR-26594]
Action.c(83): web_add_header("Content-Type") highest severity level was "warning"  	[MsgId: MMSG-26391]
Action.c(85): web_add_header("SOAPAction") started  	[MsgId: MMSG-26355]
Action.c(85): web_add_header("SOAPAction") was successful  	[MsgId: MMSG-26392]
Action.c(88): SOAP request "getClaim_2" started	[MsgId: MMSG-108972]
Action.c(88): SOAP request "getClaim_2" was successful	[MsgId: MMSG-108966]
Ending action Action.	[MsgId: MMSG-15918]
Ending iteration 4.	[MsgId: MMSG-15965]
Starting iteration 5.	[MsgId: MMSG-15968]
Starting action Action.	[MsgId: MMSG-15919]
Action.c(6): web_add_auto_header("Accept-Encoding") started  	[MsgId: MMSG-26355]
Action.c(6): web_add_auto_header("Accept-Encoding") was successful  	[MsgId: MMSG-26392]
Action.c(8): web_add_header("Content-Type") started  	[MsgId: MMSG-26355]
Action.c(8): Warning -26594: The header being added may cause unpredictable results if applied to ALL the URLs generated on behalf of the next script function. It will apply to the primary URL only.  	[MsgId: MWAR-26594]
Action.c(8): web_add_header("Content-Type") highest severity level was "warning"  	[MsgId: MMSG-26391]
Action.c(10): web_add_header("SOAPAction") started  	[MsgId: MMSG-26355]
Action.c(10): web_add_header("SOAPAction") was successful  	[MsgId: MMSG-26392]
Action.c(12): SOAP request "enterClaim" started	[MsgId: MMSG-108972]
Action.c(58): SOAP request "enterClaim_2" was successful	[MsgId: MMSG-108966]
Action.c(77): "lr_xml_get_values" succeeded, 1 match processed	[MsgId: MMSG-109995]
Action.c(81): Flynn claimId = 709	[MsgId: MMSG-17999]
Action.c(83): web_add_header("Content-Type") started  	[MsgId: MMSG-26355]
Action.c(83): Warning -26594: The header being added may cause unpredictable results if applied to ALL the URLs generated on behalf of the next script function. It will apply to the primary URL only.  	[MsgId: MWAR-26594]
Action.c(83): web_add_header("Content-Type") highest severity level was "warning"  	[MsgId: MMSG-26391]
Action.c(85): web_add_header("SOAPAction") started  	[MsgId: MMSG-26355]
Action.c(85): web_add_header("SOAPAction") was successful  	[MsgId: MMSG-26392]
Action.c(88): SOAP request "getClaim_2" started	[MsgId: MMSG-108972]
Action.c(88): SOAP request "getClaim_2" was successful	[MsgId: MMSG-108966]
Ending action Action.	[MsgId: MMSG-15918]
Ending iteration 4.	[MsgId: MMSG-15965]
Starting iteration 5.	[MsgId: MMSG-15968]
Starting action Action.	[MsgId: MMSG-15919]
Action.c(6): web_add_auto_header("Accept-Encoding") started  	[MsgId: MMSG-26355]
Action.c(6): web_add_auto_header("Accept-Encoding") was successful  	[MsgId: MMSG-26392]
Action.c(8): web_add_header("Content-Type") started  	[MsgId: MMSG-26355]
Action.c(8): Warning -26594: The header being added may cause unpredictable results if applied to ALL the URLs generated on behalf of the next script function. It will apply to the primary URL only.  	[MsgId: MWAR-26594]
Action.c(8): web_add_header("Content-Type") highest severity level was "warning"  	[MsgId: MMSG-26391]
Action.c(10): web_add_header("SOAPAction") started  	[MsgId: MMSG-26355]
Action.c(10): web_add_header("SOAPAction") was successful  	[MsgId: MMSG-26392]
Action.c(12): SOAP request "enterClaim" started	[MsgId: MMSG-108972]
Action.c(12): SOAP request "enterClaim" was successful	[MsgId: MMSG-108966]
Action.c(31): "lr_xml_get_values" succeeded, 1 match processed	[MsgId: MMSG-109995]
Action.c(35): Flynn claimId = 710	[MsgId: MMSG-17999]
Action.c(37): web_add_header("Content-Type") started  	[MsgId: MMSG-26355]
Action.c(37): Warning -26594: The header being added may cause unpredictable results if applied to ALL the URLs generated on behalf of the next script function. It will apply to the primary URL only.  	[MsgId: MWAR-26594]
Action.c(37): web_add_header("Content-Type") highest severity level was "warning"  	[MsgId: MMSG-26391]
Action.c(39): web_add_header("SOAPAction") started  	[MsgId: MMSG-26355]
Action.c(39): web_add_header("SOAPAction") was successful  	[MsgId: MMSG-26392]
Action.c(41): SOAP request "getClaim" started	[MsgId: MMSG-108972]
Action.c(41): SOAP request "getClaim" was successful	[MsgId: MMSG-108966]
Action.c(54): web_add_header("Content-Type") started  	[MsgId: MMSG-26355]
Action.c(54): Warning -26594: The header being added may cause unpredictable results if applied to ALL the URLs generated on behalf of the next script function. It will apply to the primary URL only.  	[MsgId: MWAR-26594]
Action.c(54): web_add_header("Content-Type") highest severity level was "warning"  	[MsgId: MMSG-26391]
Action.c(56): web_add_header("SOAPAction") started  	[MsgId: MMSG-26355]
Action.c(56): web_add_header("SOAPAction") was successful  	[MsgId: MMSG-26392]
Action.c(58): SOAP request "enterClaim_2" started	[MsgId: MMSG-108972]
Action.c(12): SOAP request "enterClaim" was successful	[MsgId: MMSG-108966]
Action.c(31): "lr_xml_get_values" succeeded, 1 match processed	[MsgId: MMSG-109995]
Action.c(35): Flynn claimId = 711	[MsgId: MMSG-17999]
Action.c(37): web_add_header("Content-Type") started  	[MsgId: MMSG-26355]
Action.c(37): Warning -26594: The header being added may cause unpredictable results if applied to ALL the URLs generated on behalf of the next script function. It will apply to the primary URL only.  	[MsgId: MWAR-26594]
Action.c(37): web_add_header("Content-Type") highest severity level was "warning"  	[MsgId: MMSG-26391]
Action.c(39): web_add_header("SOAPAction") started  	[MsgId: MMSG-26355]
Action.c(39): web_add_header("SOAPAction") was successful  	[MsgId: MMSG-26392]
Action.c(41): SOAP request "getClaim" started	[MsgId: MMSG-108972]
Action.c(41): SOAP request "getClaim" was successful	[MsgId: MMSG-108966]
Action.c(54): web_add_header("Content-Type") started  	[MsgId: MMSG-26355]
Action.c(54): Warning -26594: The header being added may cause unpredictable results if applied to ALL the URLs generated on behalf of the next script function. It will apply to the primary URL only.  	[MsgId: MWAR-26594]
Action.c(54): web_add_header("Content-Type") highest severity level was "warning"  	[MsgId: MMSG-26391]
Action.c(56): web_add_header("SOAPAction") started  	[MsgId: MMSG-26355]
Action.c(56): web_add_header("SOAPAction") was successful  	[MsgId: MMSG-26392]
Action.c(58): SOAP request "enterClaim_2" started	[MsgId: MMSG-108972]
Action.c(12): SOAP request "enterClaim" was successful	[MsgId: MMSG-108966]
Action.c(31): "lr_xml_get_values" succeeded, 1 match processed	[MsgId: MMSG-109995]
Action.c(35): Flynn claimId = 712	[MsgId: MMSG-17999]
Action.c(37): web_add_header("Content-Type") started  	[MsgId: MMSG-26355]
Action.c(37): Warning -26594: The header being added may cause unpredictable results if applied to ALL the URLs generated on behalf of the next script function. It will apply to the primary URL only.  	[MsgId: MWAR-26594]
Action.c(37): web_add_header("Content-Type") highest severity level was "warning"  	[MsgId: MMSG-26391]
Action.c(39): web_add_header("SOAPAction") started  	[MsgId: MMSG-26355]
Action.c(39): web_add_header("SOAPAction") was successful  	[MsgId: MMSG-26392]
Action.c(41): SOAP request "getClaim" started	[MsgId: MMSG-108972]
Action.c(41): SOAP request "getClaim" was successful	[MsgId: MMSG-108966]
Action.c(54): web_add_header("Content-Type") started  	[MsgId: MMSG-26355]
Action.c(54): Warning -26594: The header being added may cause unpredictable results if applied to ALL the URLs generated on behalf of the next script function. It will apply to the primary URL only.  	[MsgId: MWAR-26594]
Action.c(54): web_add_header("Content-Type") highest severity level was "warning"  	[MsgId: MMSG-26391]
Action.c(56): web_add_header("SOAPAction") started  	[MsgId: MMSG-26355]
Action.c(56): web_add_header("SOAPAction") was successful  	[MsgId: MMSG-26392]
Action.c(58): SOAP request "enterClaim_2" started	[MsgId: MMSG-108972]
Action.c(58): SOAP request "enterClaim_2" was successful	[MsgId: MMSG-108966]
Action.c(77): "lr_xml_get_values" succeeded, 1 match processed	[MsgId: MMSG-109995]
Action.c(81): Flynn claimId = 713	[MsgId: MMSG-17999]
Action.c(83): web_add_header("Content-Type") started  	[MsgId: MMSG-26355]
Action.c(83): Warning -26594: The header being added may cause unpredictable results if applied to ALL the URLs generated on behalf of the next script function. It will apply to the primary URL only.  	[MsgId: MWAR-26594]
Action.c(83): web_add_header("Content-Type") highest severity level was "warning"  	[MsgId: MMSG-26391]
Action.c(85): web_add_header("SOAPAction") started  	[MsgId: MMSG-26355]
Action.c(85): web_add_header("SOAPAction") was successful  	[MsgId: MMSG-26392]
Action.c(88): SOAP request "getClaim_2" started	[MsgId: MMSG-108972]
Action.c(88): SOAP request "getClaim_2" was successful	[MsgId: MMSG-108966]
Ending action Action.	[MsgId: MMSG-15918]
Ending iteration 5.	[MsgId: MMSG-15965]
Starting iteration 6.	[MsgId: MMSG-15968]
Starting action Action.	[MsgId: MMSG-15919]
Action.c(6): web_add_auto_header("Accept-Encoding") started  	[MsgId: MMSG-26355]
Action.c(6): web_add_auto_header("Accept-Encoding") was successful  	[MsgId: MMSG-26392]
Action.c(8): web_add_header("Content-Type") started  	[MsgId: MMSG-26355]
Action.c(8): Warning -26594: The header being added may cause unpredictable results if applied to ALL the URLs generated on behalf of the next script function. It will apply to the primary URL only.  	[MsgId: MWAR-26594]
Action.c(8): web_add_header("Content-Type") highest severity level was "warning"  	[MsgId: MMSG-26391]
Action.c(10): web_add_header("SOAPAction") started  	[MsgId: MMSG-26355]
Action.c(10): web_add_header("SOAPAction") was successful  	[MsgId: MMSG-26392]
Action.c(12): SOAP request "enterClaim" started	[MsgId: MMSG-108972]
Action.c(58): SOAP request "enterClaim_2" was successful	[MsgId: MMSG-108966]
Action.c(77): "lr_xml_get_values" succeeded, 1 match processed	[MsgId: MMSG-109995]
Action.c(81): Flynn claimId = 714	[MsgId: MMSG-17999]
Action.c(83): web_add_header("Content-Type") started  	[MsgId: MMSG-26355]
Action.c(83): Warning -26594: The header being added may cause unpredictable results if applied to ALL the URLs generated on behalf of the next script function. It will apply to the primary URL only.  	[MsgId: MWAR-26594]
Action.c(83): web_add_header("Content-Type") highest severity level was "warning"  	[MsgId: MMSG-26391]
Action.c(85): web_add_header("SOAPAction") started  	[MsgId: MMSG-26355]
Action.c(85): web_add_header("SOAPAction") was successful  	[MsgId: MMSG-26392]
Action.c(88): SOAP request "getClaim_2" started	[MsgId: MMSG-108972]
Action.c(88): SOAP request "getClaim_2" was successful	[MsgId: MMSG-108966]
Ending action Action.	[MsgId: MMSG-15918]
Ending iteration 5.	[MsgId: MMSG-15965]
Starting iteration 6.	[MsgId: MMSG-15968]
Starting action Action.	[MsgId: MMSG-15919]
Action.c(6): web_add_auto_header("Accept-Encoding") started  	[MsgId: MMSG-26355]
Action.c(6): web_add_auto_header("Accept-Encoding") was successful  	[MsgId: MMSG-26392]
Action.c(8): web_add_header("Content-Type") started  	[MsgId: MMSG-26355]
Action.c(8): Warning -26594: The header being added may cause unpredictable results if applied to ALL the URLs generated on behalf of the next script function. It will apply to the primary URL only.  	[MsgId: MWAR-26594]
Action.c(8): web_add_header("Content-Type") highest severity level was "warning"  	[MsgId: MMSG-26391]
Action.c(10): web_add_header("SOAPAction") started  	[MsgId: MMSG-26355]
Action.c(10): web_add_header("SOAPAction") was successful  	[MsgId: MMSG-26392]
Action.c(12): SOAP request "enterClaim" started	[MsgId: MMSG-108972]
Action.c(58): SOAP request "enterClaim_2" was successful	[MsgId: MMSG-108966]
Action.c(77): "lr_xml_get_values" succeeded, 1 match processed	[MsgId: MMSG-109995]
Action.c(81): Flynn claimId = 715	[MsgId: MMSG-17999]
Action.c(83): web_add_header("Content-Type") started  	[MsgId: MMSG-26355]
Action.c(83): Warning -26594: The header being added may cause unpredictable results if applied to ALL the URLs generated on behalf of the next script function. It will apply to the primary URL only.  	[MsgId: MWAR-26594]
Action.c(83): web_add_header("Content-Type") highest severity level was "warning"  	[MsgId: MMSG-26391]
Action.c(85): web_add_header("SOAPAction") started  	[MsgId: MMSG-26355]
Action.c(85): web_add_header("SOAPAction") was successful  	[MsgId: MMSG-26392]
Action.c(88): SOAP request "getClaim_2" started	[MsgId: MMSG-108972]
Action.c(88): SOAP request "getClaim_2" was successful	[MsgId: MMSG-108966]
Ending action Action.	[MsgId: MMSG-15918]
Ending iteration 5.	[MsgId: MMSG-15965]
Starting iteration 6.	[MsgId: MMSG-15968]
Starting action Action.	[MsgId: MMSG-15919]
Action.c(6): web_add_auto_header("Accept-Encoding") started  	[MsgId: MMSG-26355]
Action.c(6): web_add_auto_header("Accept-Encoding") was successful  	[MsgId: MMSG-26392]
Action.c(8): web_add_header("Content-Type") started  	[MsgId: MMSG-26355]
Action.c(8): Warning -26594: The header being added may cause unpredictable results if applied to ALL the URLs generated on behalf of the next script function. It will apply to the primary URL only.  	[MsgId: MWAR-26594]
Action.c(8): web_add_header("Content-Type") highest severity level was "warning"  	[MsgId: MMSG-26391]
Action.c(10): web_add_header("SOAPAction") started  	[MsgId: MMSG-26355]
Action.c(10): web_add_header("SOAPAction") was successful  	[MsgId: MMSG-26392]
Action.c(12): SOAP request "enterClaim" started	[MsgId: MMSG-108972]
Action.c(12): SOAP request "enterClaim" was successful	[MsgId: MMSG-108966]
Action.c(31): "lr_xml_get_values" succeeded, 1 match processed	[MsgId: MMSG-109995]
Action.c(35): Flynn claimId = 716	[MsgId: MMSG-17999]
Action.c(37): web_add_header("Content-Type") started  	[MsgId: MMSG-26355]
Action.c(37): Warning -26594: The header being added may cause unpredictable results if applied to ALL the URLs generated on behalf of the next script function. It will apply to the primary URL only.  	[MsgId: MWAR-26594]
Action.c(37): web_add_header("Content-Type") highest severity level was "warning"  	[MsgId: MMSG-26391]
Action.c(39): web_add_header("SOAPAction") started  	[MsgId: MMSG-26355]
Action.c(39): web_add_header("SOAPAction") was successful  	[MsgId: MMSG-26392]
Action.c(41): SOAP request "getClaim" started	[MsgId: MMSG-108972]
Action.c(41): SOAP request "getClaim" was successful	[MsgId: MMSG-108966]
Action.c(54): web_add_header("Content-Type") started  	[MsgId: MMSG-26355]
Action.c(54): Warning -26594: The header being added may cause unpredictable results if applied to ALL the URLs generated on behalf of the next script function. It will apply to the primary URL only.  	[MsgId: MWAR-26594]
Action.c(54): web_add_header("Content-Type") highest severity level was "warning"  	[MsgId: MMSG-26391]
Action.c(56): web_add_header("SOAPAction") started  	[MsgId: MMSG-26355]
Action.c(56): web_add_header("SOAPAction") was successful  	[MsgId: MMSG-26392]
Action.c(58): SOAP request "enterClaim_2" started	[MsgId: MMSG-108972]
Action.c(12): SOAP request "enterClaim" was successful	[MsgId: MMSG-108966]
Action.c(31): "lr_xml_get_values" succeeded, 1 match processed	[MsgId: MMSG-109995]
Action.c(35): Flynn claimId = 717	[MsgId: MMSG-17999]
Action.c(37): web_add_header("Content-Type") started  	[MsgId: MMSG-26355]
Action.c(37): Warning -26594: The header being added may cause unpredictable results if applied to ALL the URLs generated on behalf of the next script function. It will apply to the primary URL only.  	[MsgId: MWAR-26594]
Action.c(37): web_add_header("Content-Type") highest severity level was "warning"  	[MsgId: MMSG-26391]
Action.c(39): web_add_header("SOAPAction") started  	[MsgId: MMSG-26355]
Action.c(39): web_add_header("SOAPAction") was successful  	[MsgId: MMSG-26392]
Action.c(41): SOAP request "getClaim" started	[MsgId: MMSG-108972]
Action.c(41): SOAP request "getClaim" was successful	[MsgId: MMSG-108966]
Action.c(54): web_add_header("Content-Type") started  	[MsgId: MMSG-26355]
Action.c(54): Warning -26594: The header being added may cause unpredictable results if applied to ALL the URLs generated on behalf of the next script function. It will apply to the primary URL only.  	[MsgId: MWAR-26594]
Action.c(54): web_add_header("Content-Type") highest severity level was "warning"  	[MsgId: MMSG-26391]
Action.c(56): web_add_header("SOAPAction") started  	[MsgId: MMSG-26355]
Action.c(56): web_add_header("SOAPAction") was successful  	[MsgId: MMSG-26392]
Action.c(58): SOAP request "enterClaim_2" started	[MsgId: MMSG-108972]
Action.c(12): SOAP request "enterClaim" was successful	[MsgId: MMSG-108966]
Action.c(31): "lr_xml_get_values" succeeded, 1 match processed	[MsgId: MMSG-109995]
Action.c(35): Flynn claimId = 718	[MsgId: MMSG-17999]
Action.c(37): web_add_header("Content-Type") started  	[MsgId: MMSG-26355]
Action.c(37): Warning -26594: The header being added may cause unpredictable results if applied to ALL the URLs generated on behalf of the next script function. It will apply to the primary URL only.  	[MsgId: MWAR-26594]
Action.c(37): web_add_header("Content-Type") highest severity level was "warning"  	[MsgId: MMSG-26391]
Action.c(39): web_add_header("SOAPAction") started  	[MsgId: MMSG-26355]
Action.c(39): web_add_header("SOAPAction") was successful  	[MsgId: MMSG-26392]
Action.c(41): SOAP request "getClaim" started	[MsgId: MMSG-108972]
Action.c(41): SOAP request "getClaim" was successful	[MsgId: MMSG-108966]
Action.c(54): web_add_header("Content-Type") started  	[MsgId: MMSG-26355]
Action.c(54): Warning -26594: The header being added may cause unpredictable results if applied to ALL the URLs generated on behalf of the next script function. It will apply to the primary URL only.  	[MsgId: MWAR-26594]
Action.c(54): web_add_header("Content-Type") highest severity level was "warning"  	[MsgId: MMSG-26391]
Action.c(56): web_add_header("SOAPAction") started  	[MsgId: MMSG-26355]
Action.c(56): web_add_header("SOAPAction") was successful  	[MsgId: MMSG-26392]
Action.c(58): SOAP request "enterClaim_2" started	[MsgId: MMSG-108972]
Action.c(58): SOAP request "enterClaim_2" was successful	[MsgId: MMSG-108966]
Action.c(77): "lr_xml_get_values" succeeded, 1 match processed	[MsgId: MMSG-109995]
Action.c(81): Flynn claimId = 719	[MsgId: MMSG-17999]
Action.c(83): web_add_header("Content-Type") started  	[MsgId: MMSG-26355]
Action.c(83): Warning -26594: The header being added may cause unpredictable results if applied to ALL the URLs generated on behalf of the next script function. It will apply to the primary URL only.  	[MsgId: MWAR-26594]
Action.c(83): web_add_header("Content-Type") highest severity level was "warning"  	[MsgId: MMSG-26391]
Action.c(85): web_add_header("SOAPAction") started  	[MsgId: MMSG-26355]
Action.c(85): web_add_header("SOAPAction") was successful  	[MsgId: MMSG-26392]
Action.c(88): SOAP request "getClaim_2" started	[MsgId: MMSG-108972]
Action.c(88): SOAP request "getClaim_2" was successful	[MsgId: MMSG-108966]
Ending action Action.	[MsgId: MMSG-15918]
Ending iteration 6.	[MsgId: MMSG-15965]
Starting iteration 7.	[MsgId: MMSG-15968]
Starting action Action.	[MsgId: MMSG-15919]
Action.c(6): web_add_auto_header("Accept-Encoding") started  	[MsgId: MMSG-26355]
Action.c(6): web_add_auto_header("Accept-Encoding") was successful  	[MsgId: MMSG-26392]
Action.c(8): web_add_header("Content-Type") started  	[MsgId: MMSG-26355]
Action.c(8): Warning -26594: The header being added may cause unpredictable results if applied to ALL the URLs generated on behalf of the next script function. It will apply to the primary URL only.  	[MsgId: MWAR-26594]
Action.c(8): web_add_header("Content-Type") highest severity level was "warning"  	[MsgId: MMSG-26391]
Action.c(10): web_add_header("SOAPAction") started  	[MsgId: MMSG-26355]
Action.c(10): web_add_header("SOAPAction") was successful  	[MsgId: MMSG-26392]
Action.c(12): SOAP request "enterClaim" started	[MsgId: MMSG-108972]
Action.c(58): SOAP request "enterClaim_2" was successful	[MsgId: MMSG-108966]
Action.c(77): "lr_xml_get_values" succeeded, 1 match processed	[MsgId: MMSG-109995]
Action.c(81): Flynn claimId = 720	[MsgId: MMSG-17999]
Action.c(83): web_add_header("Content-Type") started  	[MsgId: MMSG-26355]
Action.c(83): Warning -26594: The header being added may cause unpredictable results if applied to ALL the URLs generated on behalf of the next script function. It will apply to the primary URL only.  	[MsgId: MWAR-26594]
Action.c(83): web_add_header("Content-Type") highest severity level was "warning"  	[MsgId: MMSG-26391]
Action.c(85): web_add_header("SOAPAction") started  	[MsgId: MMSG-26355]
Action.c(85): web_add_header("SOAPAction") was successful  	[MsgId: MMSG-26392]
Action.c(88): SOAP request "getClaim_2" started	[MsgId: MMSG-108972]
Action.c(88): SOAP request "getClaim_2" was successful	[MsgId: MMSG-108966]
Ending action Action.	[MsgId: MMSG-15918]
Ending iteration 6.	[MsgId: MMSG-15965]
Starting iteration 7.	[MsgId: MMSG-15968]
Starting action Action.	[MsgId: MMSG-15919]
Action.c(6): web_add_auto_header("Accept-Encoding") started  	[MsgId: MMSG-26355]
Action.c(6): web_add_auto_header("Accept-Encoding") was successful  	[MsgId: MMSG-26392]
Action.c(8): web_add_header("Content-Type") started  	[MsgId: MMSG-26355]
Action.c(8): Warning -26594: The header being added may cause unpredictable results if applied to ALL the URLs generated on behalf of the next script function. It will apply to the primary URL only.  	[MsgId: MWAR-26594]
Action.c(8): web_add_header("Content-Type") highest severity level was "warning"  	[MsgId: MMSG-26391]
Action.c(10): web_add_header("SOAPAction") started  	[MsgId: MMSG-26355]
Action.c(10): web_add_header("SOAPAction") was successful  	[MsgId: MMSG-26392]
Action.c(12): SOAP request "enterClaim" started	[MsgId: MMSG-108972]
Action.c(58): SOAP request "enterClaim_2" was successful	[MsgId: MMSG-108966]
Action.c(77): "lr_xml_get_values" succeeded, 1 match processed	[MsgId: MMSG-109995]
Action.c(81): Flynn claimId = 721	[MsgId: MMSG-17999]
Action.c(83): web_add_header("Content-Type") started  	[MsgId: MMSG-26355]
Action.c(83): Warning -26594: The header being added may cause unpredictable results if applied to ALL the URLs generated on behalf of the next script function. It will apply to the primary URL only.  	[MsgId: MWAR-26594]
Action.c(83): web_add_header("Content-Type") highest severity level was "warning"  	[MsgId: MMSG-26391]
Action.c(85): web_add_header("SOAPAction") started  	[MsgId: MMSG-26355]
Action.c(85): web_add_header("SOAPAction") was successful  	[MsgId: MMSG-26392]
Action.c(88): SOAP request "getClaim_2" started	[MsgId: MMSG-108972]
Action.c(88): SOAP request "getClaim_2" was successful	[MsgId: MMSG-108966]
Ending action Action.	[MsgId: MMSG-15918]
Ending iteration 6.	[MsgId: MMSG-15965]
Starting iteration 7.	[MsgId: MMSG-15968]
Starting action Action.	[MsgId: MMSG-15919]
Action.c(6): web_add_auto_header("Accept-Encoding") started  	[MsgId: MMSG-26355]
Action.c(6): web_add_auto_header("Accept-Encoding") was successful  	[MsgId: MMSG-26392]
Action.c(8): web_add_header("Content-Type") started  	[MsgId: MMSG-26355]
Action.c(8): Warning -26594: The header being added may cause unpredictable results if applied to ALL the URLs generated on behalf of the next script function. It will apply to the primary URL only.  	[MsgId: MWAR-26594]
Action.c(8): web_add_header("Content-Type") highest severity level was "warning"  	[MsgId: MMSG-26391]
Action.c(10): web_add_header("SOAPAction") started  	[MsgId: MMSG-26355]
Action.c(10): web_add_header("SOAPAction") was successful  	[MsgId: MMSG-26392]
Action.c(12): SOAP request "enterClaim" started	[MsgId: MMSG-108972]
Action.c(12): SOAP request "enterClaim" was successful	[MsgId: MMSG-108966]
Action.c(31): "lr_xml_get_values" succeeded, 1 match processed	[MsgId: MMSG-109995]
Action.c(35): Flynn claimId = 722	[MsgId: MMSG-17999]
Action.c(37): web_add_header("Content-Type") started  	[MsgId: MMSG-26355]
Action.c(37): Warning -26594: The header being added may cause unpredictable results if applied to ALL the URLs generated on behalf of the next script function. It will apply to the primary URL only.  	[MsgId: MWAR-26594]
Action.c(37): web_add_header("Content-Type") highest severity level was "warning"  	[MsgId: MMSG-26391]
Action.c(39): web_add_header("SOAPAction") started  	[MsgId: MMSG-26355]
Action.c(39): web_add_header("SOAPAction") was successful  	[MsgId: MMSG-26392]
Action.c(41): SOAP request "getClaim" started	[MsgId: MMSG-108972]
Action.c(41): SOAP request "getClaim" was successful	[MsgId: MMSG-108966]
Action.c(54): web_add_header("Content-Type") started  	[MsgId: MMSG-26355]
Action.c(54): Warning -26594: The header being added may cause unpredictable results if applied to ALL the URLs generated on behalf of the next script function. It will apply to the primary URL only.  	[MsgId: MWAR-26594]
Action.c(54): web_add_header("Content-Type") highest severity level was "warning"  	[MsgId: MMSG-26391]
Action.c(56): web_add_header("SOAPAction") started  	[MsgId: MMSG-26355]
Action.c(56): web_add_header("SOAPAction") was successful  	[MsgId: MMSG-26392]
Action.c(58): SOAP request "enterClaim_2" started	[MsgId: MMSG-108972]
Action.c(12): SOAP request "enterClaim" was successful	[MsgId: MMSG-108966]
Action.c(31): "lr_xml_get_values" succeeded, 1 match processed	[MsgId: MMSG-109995]
Action.c(35): Flynn claimId = 723	[MsgId: MMSG-17999]
Action.c(37): web_add_header("Content-Type") started  	[MsgId: MMSG-26355]
Action.c(37): Warning -26594: The header being added may cause unpredictable results if applied to ALL the URLs generated on behalf of the next script function. It will apply to the primary URL only.  	[MsgId: MWAR-26594]
Action.c(37): web_add_header("Content-Type") highest severity level was "warning"  	[MsgId: MMSG-26391]
Action.c(39): web_add_header("SOAPAction") started  	[MsgId: MMSG-26355]
Action.c(39): web_add_header("SOAPAction") was successful  	[MsgId: MMSG-26392]
Action.c(41): SOAP request "getClaim" started	[MsgId: MMSG-108972]
Action.c(41): SOAP request "getClaim" was successful	[MsgId: MMSG-108966]
Action.c(54): web_add_header("Content-Type") started  	[MsgId: MMSG-26355]
Action.c(54): Warning -26594: The header being added may cause unpredictable results if applied to ALL the URLs generated on behalf of the next script function. It will apply to the primary URL only.  	[MsgId: MWAR-26594]
Action.c(54): web_add_header("Content-Type") highest severity level was "warning"  	[MsgId: MMSG-26391]
Action.c(56): web_add_header("SOAPAction") started  	[MsgId: MMSG-26355]
Action.c(56): web_add_header("SOAPAction") was successful  	[MsgId: MMSG-26392]
Action.c(58): SOAP request "enterClaim_2" started	[MsgId: MMSG-108972]
Action.c(12): SOAP request "enterClaim" was successful	[MsgId: MMSG-108966]
Action.c(31): "lr_xml_get_values" succeeded, 1 match processed	[MsgId: MMSG-109995]
Action.c(35): Flynn claimId = 724	[MsgId: MMSG-17999]
Action.c(37): web_add_header("Content-Type") started  	[MsgId: MMSG-26355]
Action.c(37): Warning -26594: The header being added may cause unpredictable results if applied to ALL the URLs generated on behalf of the next script function. It will apply to the primary URL only.  	[MsgId: MWAR-26594]
Action.c(37): web_add_header("Content-Type") highest severity level was "warning"  	[MsgId: MMSG-26391]
Action.c(39): web_add_header("SOAPAction") started  	[MsgId: MMSG-26355]
Action.c(39): web_add_header("SOAPAction") was successful  	[MsgId: MMSG-26392]
Action.c(41): SOAP request "getClaim" started	[MsgId: MMSG-108972]
Action.c(41): SOAP request "getClaim" was successful	[MsgId: MMSG-108966]
Action.c(54): web_add_header("Content-Type") started  	[MsgId: MMSG-26355]
Action.c(54): Warning -26594: The header being added may cause unpredictable results if applied to ALL the URLs generated on behalf of the next script function. It will apply to the primary URL only.  	[MsgId: MWAR-26594]
Action.c(54): web_add_header("Content-Type") highest severity level was "warning"  	[MsgId: MMSG-26391]
Action.c(56): web_add_header("SOAPAction") started  	[MsgId: MMSG-26355]
Action.c(56): web_add_header("SOAPAction") was successful  	[MsgId: MMSG-26392]
Action.c(58): SOAP request "enterClaim_2" started	[MsgId: MMSG-108972]
Action.c(58): SOAP request "enterClaim_2" was successful	[MsgId: MMSG-108966]
Action.c(77): "lr_xml_get_values" succeeded, 1 match processed	[MsgId: MMSG-109995]
Action.c(81): Flynn claimId = 725	[MsgId: MMSG-17999]
Action.c(83): web_add_header("Content-Type") started  	[MsgId: MMSG-26355]
Action.c(83): Warning -26594: The header being added may cause unpredictable results if applied to ALL the URLs generated on behalf of the next script function. It will apply to the primary URL only.  	[MsgId: MWAR-26594]
Action.c(83): web_add_header("Content-Type") highest severity level was "warning"  	[MsgId: MMSG-26391]
Action.c(85): web_add_header("SOAPAction") started  	[MsgId: MMSG-26355]
Action.c(85): web_add_header("SOAPAction") was successful  	[MsgId: MMSG-26392]
Action.c(88): SOAP request "getClaim_2" started	[MsgId: MMSG-108972]
Action.c(88): SOAP request "getClaim_2" was successful	[MsgId: MMSG-108966]
Ending action Action.	[MsgId: MMSG-15918]
Ending Vuser...	[MsgId: MMSG-15966]
Starting action vuser_end.	[MsgId: MMSG-15919]
Ending action vuser_end.	[MsgId: MMSG-15918]
Vuser Terminated.	[MsgId: MMSG-15963]
Action.c(58): SOAP request "enterClaim_2" was successful	[MsgId: MMSG-108966]
Action.c(77): "lr_xml_get_values" succeeded, 1 match processed	[MsgId: MMSG-109995]
Action.c(81): Flynn claimId = 726	[MsgId: MMSG-17999]
Action.c(83): web_add_header("Content-Type") started  	[MsgId: MMSG-26355]
Action.c(83): Warning -26594: The header being added may cause unpredictable results if applied to ALL the URLs generated on behalf of the next script function. It will apply to the primary URL only.  	[MsgId: MWAR-26594]
Action.c(83): web_add_header("Content-Type") highest severity level was "warning"  	[MsgId: MMSG-26391]
Action.c(85): web_add_header("SOAPAction") started  	[MsgId: MMSG-26355]
Action.c(85): web_add_header("SOAPAction") was successful  	[MsgId: MMSG-26392]
Action.c(88): SOAP request "getClaim_2" started	[MsgId: MMSG-108972]
Action.c(88): SOAP request "getClaim_2" was successful	[MsgId: MMSG-108966]
Ending action Action.	[MsgId: MMSG-15918]
Ending Vuser...	[MsgId: MMSG-15966]
Starting action vuser_end.	[MsgId: MMSG-15919]
Ending action vuser_end.	[MsgId: MMSG-15918]
Vuser Terminated.	[MsgId: MMSG-15963]
Action.c(58): SOAP request "enterClaim_2" was successful	[MsgId: MMSG-108966]
Action.c(77): "lr_xml_get_values" succeeded, 1 match processed	[MsgId: MMSG-109995]
Action.c(81): Flynn claimId = 727	[MsgId: MMSG-17999]
Action.c(83): web_add_header("Content-Type") started  	[MsgId: MMSG-26355]
Action.c(83): Warning -26594: The header being added may cause unpredictable results if applied to ALL the URLs generated on behalf of the next script function. It will apply to the primary URL only.  	[MsgId: MWAR-26594]
Action.c(83): web_add_header("Content-Type") highest severity level was "warning"  	[MsgId: MMSG-26391]
Action.c(85): web_add_header("SOAPAction") started  	[MsgId: MMSG-26355]
Action.c(85): web_add_header("SOAPAction") was successful  	[MsgId: MMSG-26392]
Action.c(88): SOAP request "getClaim_2" started	[MsgId: MMSG-108972]
Action.c(88): SOAP request "getClaim_2" was successful	[MsgId: MMSG-108966]
Ending action Action.	[MsgId: MMSG-15918]
Ending Vuser...	[MsgId: MMSG-15966]
Starting action vuser_end.	[MsgId: MMSG-15919]
Ending action vuser_end.	[MsgId: MMSG-15918]
Vuser Terminated.	[MsgId: MMSG-15963]
